#
# There is insufficient memory for the Java Runtime Environment to continue.
# Native memory allocation (mmap) failed to map 676331520 bytes for committing reserved memory.
# Possible reasons:
#   The system is out of physical RAM or swap space
#   In 32 bit mode, the process size limit was hit
# Possible solutions:
#   Reduce memory load on the system
#   Increase physical memory or swap space
#   Check if swap backing store is full
#   Use 64 bit Java on a 64 bit OS
#   Decrease Java heap size (-Xmx/-Xms)
#   Decrease number of Java threads
#   Decrease Java thread stack sizes (-Xss)
#   Set larger code cache with -XX:ReservedCodeCacheSize=
# This output file may be truncated or incomplete.
#
#  Out of Memory Error (os_linux.cpp:2746), pid=11473, tid=0x00007fc4748f0700
#
# JRE version: OpenJDK Runtime Environment (8.0_191-b12) (build 1.8.0_191-8u191-b12-2ubuntu0.18.04.1-b12)
# Java VM: OpenJDK 64-Bit Server VM (25.191-b12 mixed mode linux-amd64 compressed oops)
# Failed to write core dump. Core dumps have been disabled. To enable core dumping, try "ulimit -c unlimited" before starting Java again
#

---------------  T H R E A D  ---------------

Current thread (0x00007fc4881ca000):  VMThread [stack: 0x00007fc4747f1000,0x00007fc4748f1000] [id=11497]

Stack: [0x00007fc4747f1000,0x00007fc4748f1000],  sp=0x00007fc4748ef440,  free space=1017k
Native frames: (J=compiled Java code, j=interpreted, Vv=VM code, C=native code)
V  [libjvm.so+0xab2552]
V  [libjvm.so+0x4d9e37]
V  [libjvm.so+0x8ed5e0]
V  [libjvm.so+0x8e470e]
V  [libjvm.so+0x968466]
V  [libjvm.so+0x9570da]
V  [libjvm.so+0x9572a8]
V  [libjvm.so+0x957eb0]
V  [libjvm.so+0x95e24c]
V  [libjvm.so+0x966335]
V  [libjvm.so+0x9149a8]
V  [libjvm.so+0xab4212]
V  [libjvm.so+0xab8dd6]
V  [libjvm.so+0xab7075]
V  [libjvm.so+0xab79ed]
V  [libjvm.so+0xab7dc7]
V  [libjvm.so+0x8ea992]

VM_Operation (0x00007fc4909f5470): ParallelGCFailedAllocation, mode: safepoint, requested by thread 0x00007fc48800d000


---------------  P R O C E S S  ---------------

Java Threads: ( => current thread )
  0x00007fc42c001000 JavaThread "Attach Listener" daemon [_thread_blocked, id=11524, stack(0x00007fc45b3e0000,0x00007fc45b4e1000)]
  0x00007fc488300800 JavaThread "Service Thread" daemon [_thread_blocked, id=11516, stack(0x00007fc45b5e2000,0x00007fc45b6e3000)]
  0x00007fc4882fb800 JavaThread "C1 CompilerThread3" daemon [_thread_blocked, id=11515, stack(0x00007fc45bbfd000,0x00007fc45bcfd000)]
  0x00007fc4882f9800 JavaThread "C2 CompilerThread2" daemon [_thread_blocked, id=11514, stack(0x00007fc45bcfe000,0x00007fc45bdfe000)]
  0x00007fc4882f7800 JavaThread "C2 CompilerThread1" daemon [_thread_blocked, id=11513, stack(0x00007fc45bdff000,0x00007fc45beff000)]
  0x00007fc4882f5800 JavaThread "C2 CompilerThread0" daemon [_thread_blocked, id=11512, stack(0x00007fc45bf00000,0x00007fc45c000000)]
  0x00007fc4882f4000 JavaThread "Monitor Ctrl-Break" daemon [_thread_in_native, id=11511, stack(0x00007fc474050000,0x00007fc474151000)]
  0x00007fc488209800 JavaThread "Signal Dispatcher" daemon [_thread_blocked, id=11503, stack(0x00007fc4741bd000,0x00007fc4742be000)]
  0x00007fc4881d6000 JavaThread "Finalizer" daemon [_thread_blocked, id=11500, stack(0x00007fc4745ee000,0x00007fc4746ef000)]
  0x00007fc4881d3800 JavaThread "Reference Handler" daemon [_thread_blocked, id=11498, stack(0x00007fc4746ef000,0x00007fc4747f0000)]
  0x00007fc48800d000 JavaThread "main" [_thread_blocked, id=11477, stack(0x00007fc4908f7000,0x00007fc4909f7000)]

Other Threads:
=>0x00007fc4881ca000 VMThread [stack: 0x00007fc4747f1000,0x00007fc4748f1000] [id=11497]
  0x00007fc488303000 WatcherThread [stack: 0x00007fc45b4e2000,0x00007fc45b5e2000] [id=11517]

VM state:at safepoint (normal execution)

VM Mutex/Monitor currently owned by a thread:  ([mutex/lock_event])
[0x00007fc488008f50] ExpandHeap_lock - owner thread: 0x00007fc4881ca000
[0x00007fc4880095d0] Threads_lock - owner thread: 0x00007fc4881ca000
[0x00007fc488009ad0] Heap_lock - owner thread: 0x00007fc48800d000

Heap:
 PSYoungGen      total 1761792K, used 238176K [0x000000072ab00000, 0x00000007beb00000, 0x00000007c0000000)
  eden space 1114624K, 0% used [0x000000072ab00000,0x000000072ab00000,0x000000076eb80000)
  from space 647168K, 36% used [0x0000000795e80000,0x00000007a47181e8,0x00000007bd680000)
  to   space 642048K, 0% used [0x000000076eb80000,0x000000076eb80000,0x0000000795e80000)
 ParOldGen       total 2611200K, used 2610851K [0x0000000600000000, 0x000000069f600000, 0x000000072ab00000)
  object space 2611200K, 99% used [0x0000000600000000,0x000000069f5a8c18,0x000000069f600000)
 Metaspace       used 9690K, capacity 9864K, committed 10112K, reserved 1058816K
  class space    used 1073K, capacity 1152K, committed 1152K, reserved 1048576K

Card table byte_map: [0x00007fc4781ff000,0x00007fc479000000] byte_map_base: 0x00007fc4751ff000

Marking Bits: (ParMarkBitMap*) 0x00007fc48fba0340
 Begin Bits: [0x00007fc442000000, 0x00007fc449000000)
 End Bits:   [0x00007fc449000000, 0x00007fc450000000)

Polling page: 0x00007fc490a21000

CodeCache: size=245760Kb used=5216Kb max_used=5232Kb free=240543Kb
 bounds [0x00007fc479000000, 0x00007fc479530000, 0x00007fc488000000]
 total_blobs=1636 nmethods=1309 adapters=242
 compilation: enabled

Compilation events (10 events):
Event: 11,829 Thread 0x00007fc4882fb800 1311       3       java.util.HashMap$HashIterator::remove (77 bytes)
Event: 11,830 Thread 0x00007fc4882fb800 nmethod 1311 0x00007fc4794c9350 code [0x00007fc4794c9520, 0x00007fc4794c9af8]
Event: 11,830 Thread 0x00007fc4882fb800 1312 %     3       java.util.AbstractCollection::retainAll @ 12 (49 bytes)
Event: 11,830 Thread 0x00007fc4882fb800 nmethod 1312% 0x00007fc4794cb690 code [0x00007fc4794cb880, 0x00007fc4794cc098]
Event: 11,830 Thread 0x00007fc4882fb800 1313       3       java.util.AbstractCollection::retainAll (49 bytes)
Event: 11,830 Thread 0x00007fc4882fb800 nmethod 1313 0x00007fc4794caa50 code [0x00007fc4794cac40, 0x00007fc4794cb3d8]
Event: 11,831 Thread 0x00007fc4882f5800 1314       4       java.util.HashMap$HashIterator::remove (77 bytes)
Event: 11,832 Thread 0x00007fc4882f9800 1315       4       java.util.AbstractCollection::retainAll (49 bytes)
Event: 11,836 Thread 0x00007fc4882f5800 nmethod 1314 0x00007fc4794fdad0 code [0x00007fc4794fdc80, 0x00007fc4794fe338]
Event: 11,857 Thread 0x00007fc4882f9800 nmethod 1315 0x00007fc479520610 code [0x00007fc4795208a0, 0x00007fc479521d48]

GC Heap History (10 events):
Event: 107,612 GC heap after
Heap after GC invocations=88 (full 8):
 PSYoungGen      total 1751040K, used 500784K [0x000000072ab00000, 0x00000007c0000000, 0x00000007c0000000)
  eden space 1050624K, 0% used [0x000000072ab00000,0x000000072ab00000,0x000000076ad00000)
  from space 700416K, 71% used [0x0000000795400000,0x00000007b3d0c220,0x00000007c0000000)
  to   space 695296K, 0% used [0x000000076ad00000,0x000000076ad00000,0x0000000795400000)
 ParOldGen       total 2611200K, used 2241528K [0x0000000600000000, 0x000000069f600000, 0x000000072ab00000)
  object space 2611200K, 85% used [0x0000000600000000,0x0000000688cfe160,0x000000069f600000)
 Metaspace       used 9690K, capacity 9864K, committed 10112K, reserved 1058816K
  class space    used 1073K, capacity 1152K, committed 1152K, reserved 1048576K
}
Event: 108,508 GC heap before
{Heap before GC invocations=89 (full 8):
 PSYoungGen      total 1751040K, used 1551408K [0x000000072ab00000, 0x00000007c0000000, 0x00000007c0000000)
  eden space 1050624K, 100% used [0x000000072ab00000,0x000000076ad00000,0x000000076ad00000)
  from space 700416K, 71% used [0x0000000795400000,0x00000007b3d0c220,0x00000007c0000000)
  to   space 695296K, 0% used [0x000000076ad00000,0x000000076ad00000,0x0000000795400000)
 ParOldGen       total 2611200K, used 2241528K [0x0000000600000000, 0x000000069f600000, 0x000000072ab00000)
  object space 2611200K, 85% used [0x0000000600000000,0x0000000688cfe160,0x000000069f600000)
 Metaspace       used 9690K, capacity 9864K, committed 10112K, reserved 1058816K
  class space    used 1073K, capacity 1152K, committed 1152K, reserved 1048576K
Event: 108,809 GC heap after
Heap after GC invocations=89 (full 8):
 PSYoungGen      total 1521664K, used 470991K [0x000000072ab00000, 0x00000007bda00000, 0x00000007c0000000)
  eden space 1050624K, 0% used [0x000000072ab00000,0x000000072ab00000,0x000000076ad00000)
  from space 471040K, 99% used [0x000000076ad00000,0x00000007878f3f70,0x0000000787900000)
  to   space 678400K, 0% used [0x0000000794380000,0x0000000794380000,0x00000007bda00000)
 ParOldGen       total 2611200K, used 2304794K [0x0000000600000000, 0x000000069f600000, 0x000000072ab00000)
  object space 2611200K, 88% used [0x0000000600000000,0x000000068cac6900,0x000000069f600000)
 Metaspace       used 9690K, capacity 9864K, committed 10112K, reserved 1058816K
  class space    used 1073K, capacity 1152K, committed 1152K, reserved 1048576K
}
Event: 109,707 GC heap before
{Heap before GC invocations=90 (full 8):
 PSYoungGen      total 1521664K, used 1521615K [0x000000072ab00000, 0x00000007bda00000, 0x00000007c0000000)
  eden space 1050624K, 100% used [0x000000072ab00000,0x000000076ad00000,0x000000076ad00000)
  from space 471040K, 99% used [0x000000076ad00000,0x00000007878f3f70,0x0000000787900000)
  to   space 678400K, 0% used [0x0000000794380000,0x0000000794380000,0x00000007bda00000)
 ParOldGen       total 2611200K, used 2304794K [0x0000000600000000, 0x000000069f600000, 0x000000072ab00000)
  object space 2611200K, 88% used [0x0000000600000000,0x000000068cac6900,0x000000069f600000)
 Metaspace       used 9690K, capacity 9864K, committed 10112K, reserved 1058816K
  class space    used 1073K, capacity 1152K, committed 1152K, reserved 1048576K
Event: 109,973 GC heap after
Heap after GC invocations=90 (full 8):
 PSYoungGen      total 1748992K, used 436559K [0x000000072ab00000, 0x00000007c0000000, 0x00000007c0000000)
  eden space 1070592K, 0% used [0x000000072ab00000,0x000000072ab00000,0x000000076c080000)
  from space 678400K, 64% used [0x0000000794380000,0x00000007aedd3c20,0x00000007bda00000)
  to   space 658432K, 0% used [0x000000076c080000,0x000000076c080000,0x0000000794380000)
 ParOldGen       total 2611200K, used 2373212K [0x0000000600000000, 0x000000069f600000, 0x000000072ab00000)
  object space 2611200K, 90% used [0x0000000600000000,0x0000000690d97170,0x000000069f600000)
 Metaspace       used 9690K, capacity 9864K, committed 10112K, reserved 1058816K
  class space    used 1073K, capacity 1152K, committed 1152K, reserved 1048576K
}
Event: 110,917 GC heap before
{Heap before GC invocations=91 (full 8):
 PSYoungGen      total 1748992K, used 1507151K [0x000000072ab00000, 0x00000007c0000000, 0x00000007c0000000)
  eden space 1070592K, 100% used [0x000000072ab00000,0x000000076c080000,0x000000076c080000)
  from space 678400K, 64% used [0x0000000794380000,0x00000007aedd3c20,0x00000007bda00000)
  to   space 658432K, 0% used [0x000000076c080000,0x000000076c080000,0x0000000794380000)
 ParOldGen       total 2611200K, used 2373212K [0x0000000600000000, 0x000000069f600000, 0x000000072ab00000)
  object space 2611200K, 90% used [0x0000000600000000,0x0000000690d97170,0x000000069f600000)
 Metaspace       used 9690K, capacity 9864K, committed 10112K, reserved 1058816K
  class space    used 1073K, capacity 1152K, committed 1152K, reserved 1048576K
Event: 111,232 GC heap after
Heap after GC invocations=91 (full 8):
 PSYoungGen      total 1729024K, used 398350K [0x000000072ab00000, 0x00000007bd680000, 0x00000007c0000000)
  eden space 1070592K, 0% used [0x000000072ab00000,0x000000072ab00000,0x000000076c080000)
  from space 658432K, 60% used [0x000000076c080000,0x0000000784583840,0x0000000794380000)
  to   space 647168K, 0% used [0x0000000795e80000,0x0000000795e80000,0x00000007bd680000)
 ParOldGen       total 2611200K, used 2446326K [0x0000000600000000, 0x000000069f600000, 0x000000072ab00000)
  object space 2611200K, 93% used [0x0000000600000000,0x00000006954fdab0,0x000000069f600000)
 Metaspace       used 9690K, capacity 9864K, committed 10112K, reserved 1058816K
  class space    used 1073K, capacity 1152K, committed 1152K, reserved 1048576K
}
Event: 112,171 GC heap before
{Heap before GC invocations=92 (full 8):
 PSYoungGen      total 1729024K, used 1468942K [0x000000072ab00000, 0x00000007bd680000, 0x00000007c0000000)
  eden space 1070592K, 100% used [0x000000072ab00000,0x000000076c080000,0x000000076c080000)
  from space 658432K, 60% used [0x000000076c080000,0x0000000784583840,0x0000000794380000)
  to   space 647168K, 0% used [0x0000000795e80000,0x0000000795e80000,0x00000007bd680000)
 ParOldGen       total 2611200K, used 2446326K [0x0000000600000000, 0x000000069f600000, 0x000000072ab00000)
  object space 2611200K, 93% used [0x0000000600000000,0x00000006954fdab0,0x000000069f600000)
 Metaspace       used 9690K, capacity 9864K, committed 10112K, reserved 1058816K
  class space    used 1073K, capacity 1152K, committed 1152K, reserved 1048576K
Event: 112,483 GC heap after
Heap after GC invocations=92 (full 8):
 PSYoungGen      total 1761792K, used 355788K [0x000000072ab00000, 0x00000007beb00000, 0x00000007c0000000)
  eden space 1114624K, 0% used [0x000000072ab00000,0x000000072ab00000,0x000000076eb80000)
  from space 647168K, 54% used [0x0000000795e80000,0x00000007ab9f3390,0x00000007bd680000)
  to   space 642048K, 0% used [0x000000076eb80000,0x000000076eb80000,0x0000000795e80000)
 ParOldGen       total 2611200K, used 2523721K [0x0000000600000000, 0x000000069f600000, 0x000000072ab00000)
  object space 2611200K, 96% used [0x0000000600000000,0x000000069a0924d0,0x000000069f600000)
 Metaspace       used 9690K, capacity 9864K, committed 10112K, reserved 1058816K
  class space    used 1073K, capacity 1152K, committed 1152K, reserved 1048576K
}
Event: 112,484 GC heap before
{Heap before GC invocations=93 (full 9):
 PSYoungGen      total 1761792K, used 355788K [0x000000072ab00000, 0x00000007beb00000, 0x00000007c0000000)
  eden space 1114624K, 0% used [0x000000072ab00000,0x000000072ab00000,0x000000076eb80000)
  from space 647168K, 54% used [0x0000000795e80000,0x00000007ab9f3390,0x00000007bd680000)
  to   space 642048K, 0% used [0x000000076eb80000,0x000000076eb80000,0x0000000795e80000)
 ParOldGen       total 2611200K, used 2523721K [0x0000000600000000, 0x000000069f600000, 0x000000072ab00000)
  object space 2611200K, 96% used [0x0000000600000000,0x000000069a0924d0,0x000000069f600000)
 Metaspace       used 9690K, capacity 9864K, committed 10112K, reserved 1058816K
  class space    used 1073K, capacity 1152K, committed 1152K, reserved 1048576K

Deoptimization events (10 events):
Event: 10,970 Thread 0x00007fc48800d000 Uncommon trap: reason=unstable_if action=reinterpret pc=0x00007fc47948e8ac method=java.util.HashMap.removeNode(ILjava/lang/Object;Ljava/lang/Object;ZZ)Ljava/util/HashMap$Node; @ 46
Event: 10,970 Thread 0x00007fc48800d000 Uncommon trap: reason=unstable_if action=reinterpret pc=0x00007fc47948a014 method=java.util.HashMap.removeNode(ILjava/lang/Object;Ljava/lang/Object;ZZ)Ljava/util/HashMap$Node; @ 46
Event: 10,989 Thread 0x00007fc48800d000 Uncommon trap: reason=unstable_if action=reinterpret pc=0x00007fc47949a9c0 method=java.util.HashMap.removeNode(ILjava/lang/Object;Ljava/lang/Object;ZZ)Ljava/util/HashMap$Node; @ 46
Event: 11,575 Thread 0x00007fc48800d000 Uncommon trap: reason=unstable_if action=reinterpret pc=0x00007fc4794b243c method=java.util.HashMap.removeNode(ILjava/lang/Object;Ljava/lang/Object;ZZ)Ljava/util/HashMap$Node; @ 121
Event: 11,576 Thread 0x00007fc48800d000 Uncommon trap: reason=unstable_if action=reinterpret pc=0x00007fc4794ba168 method=java.util.HashMap.removeNode(ILjava/lang/Object;Ljava/lang/Object;ZZ)Ljava/util/HashMap$Node; @ 121
Event: 11,576 Thread 0x00007fc48800d000 Uncommon trap: reason=unstable_if action=reinterpret pc=0x00007fc479496150 method=java.util.HashMap.removeNode(ILjava/lang/Object;Ljava/lang/Object;ZZ)Ljava/util/HashMap$Node; @ 121
Event: 11,576 Thread 0x00007fc48800d000 Uncommon trap: reason=unstable_if action=reinterpret pc=0x00007fc479496f10 method=java.util.HashMap.removeNode(ILjava/lang/Object;Ljava/lang/Object;ZZ)Ljava/util/HashMap$Node; @ 121
Event: 11,577 Thread 0x00007fc48800d000 Uncommon trap: reason=unstable_if action=reinterpret pc=0x00007fc47949056c method=java.util.HashMap.removeNode(ILjava/lang/Object;Ljava/lang/Object;ZZ)Ljava/util/HashMap$Node; @ 121
Event: 11,829 Thread 0x00007fc48800d000 Uncommon trap: reason=unstable_if action=reinterpret pc=0x00007fc4794a1024 method=java.util.HashMap.removeNode(ILjava/lang/Object;Ljava/lang/Object;ZZ)Ljava/util/HashMap$Node; @ 121
Event: 11,829 Thread 0x00007fc48800d000 Uncommon trap: reason=unstable_if action=reinterpret pc=0x00007fc47949d6c4 method=java.util.HashMap.removeNode(ILjava/lang/Object;Ljava/lang/Object;ZZ)Ljava/util/HashMap$Node; @ 121

Classes redefined (0 events):
No events

Internal exceptions (10 events):
Event: 0,229 Thread 0x00007fc48800d000 Exception <a 'java/lang/ArrayIndexOutOfBoundsException'> (0x000000072be6fc18) thrown at [/build/openjdk-8-5w_p1G/openjdk-8-8u191-b12/src/hotspot/src/share/vm/runtime/sharedRuntime.cpp, line 605]
Event: 0,229 Thread 0x00007fc48800d000 Exception <a 'java/lang/ArrayIndexOutOfBoundsException'> (0x000000072be71468) thrown at [/build/openjdk-8-5w_p1G/openjdk-8-8u191-b12/src/hotspot/src/share/vm/runtime/sharedRuntime.cpp, line 605]
Event: 0,230 Thread 0x00007fc48800d000 Exception <a 'java/lang/ClassNotFoundException': groovy/lang/Closure$1Customizer> (0x000000072be80c00) thrown at [/build/openjdk-8-5w_p1G/openjdk-8-8u191-b12/src/hotspot/src/share/vm/classfile/systemDictionary.cpp, line 210]
Event: 0,230 Thread 0x00007fc48800d000 Exception <a 'java/lang/ArrayIndexOutOfBoundsException'> (0x000000072be84058) thrown at [/build/openjdk-8-5w_p1G/openjdk-8-8u191-b12/src/hotspot/src/share/vm/runtime/sharedRuntime.cpp, line 605]
Event: 0,233 Thread 0x00007fc48800d000 Exception <a 'java/lang/ClassNotFoundException': groovy/json/JsonTokenType$1BeanInfo> (0x000000072beb90c0) thrown at [/build/openjdk-8-5w_p1G/openjdk-8-8u191-b12/src/hotspot/src/share/vm/classfile/systemDictionary.cpp, line 210]
Event: 0,233 Thread 0x00007fc48800d000 Exception <a 'java/lang/ClassNotFoundException': groovy/json/JsonTokenType$1Customizer> (0x000000072bec1818) thrown at [/build/openjdk-8-5w_p1G/openjdk-8-8u191-b12/src/hotspot/src/share/vm/classfile/systemDictionary.cpp, line 210]
Event: 10,846 Thread 0x00007fc48800d000 Implicit null exception at 0x00007fc4793dce3a to 0x00007fc4793defa1
Event: 10,896 Thread 0x00007fc48800d000 Implicit null exception at 0x00007fc479332b6a to 0x00007fc479334161
Event: 10,916 Thread 0x00007fc48800d000 Exception <a 'java/lang/NoSuchFieldError': method resolution failed> (0x0000000734acfde0) thrown at [/build/openjdk-8-5w_p1G/openjdk-8-8u191-b12/src/hotspot/src/share/vm/prims/methodHandles.cpp, line 1167]
Event: 10,917 Thread 0x00007fc48800d000 Exception <a 'java/lang/NoSuchFieldError': method resolution failed> (0x0000000734add9a0) thrown at [/build/openjdk-8-5w_p1G/openjdk-8-8u191-b12/src/hotspot/src/share/vm/prims/methodHandles.cpp, line 1167]

Events (10 events):
Event: 106,377 Executing VM operation: ParallelGCFailedAllocation done
Event: 107,289 Executing VM operation: ParallelGCFailedAllocation
Event: 107,612 Executing VM operation: ParallelGCFailedAllocation done
Event: 108,508 Executing VM operation: ParallelGCFailedAllocation
Event: 108,810 Executing VM operation: ParallelGCFailedAllocation done
Event: 109,707 Executing VM operation: ParallelGCFailedAllocation
Event: 109,973 Executing VM operation: ParallelGCFailedAllocation done
Event: 110,913 Executing VM operation: ParallelGCFailedAllocation
Event: 111,238 Executing VM operation: ParallelGCFailedAllocation done
Event: 112,167 Executing VM operation: ParallelGCFailedAllocation


Dynamic libraries:
600000000-69f600000 rw-p 00000000 00:00 0 
6c7b00000-72ab00000 ---p 00000000 00:00 0 
72ab00000-7beb00000 rw-p 00000000 00:00 0 
7beb00000-7c0000000 ---p 00000000 00:00 0 
7c0000000-7c0120000 rw-p 00000000 00:00 0 
7c0120000-800000000 ---p 00000000 00:00 0 
557602559000-55760255a000 r-xp 00000000 08:02 12335970                   /usr/lib/jvm/java-8-openjdk-amd64/jre/bin/java
557602759000-55760275a000 r--p 00000000 08:02 12335970                   /usr/lib/jvm/java-8-openjdk-amd64/jre/bin/java
55760275a000-55760275b000 rw-p 00001000 08:02 12335970                   /usr/lib/jvm/java-8-openjdk-amd64/jre/bin/java
5576031e4000-557603205000 rw-p 00000000 00:00 0                          [heap]
7fc40c000000-7fc40c021000 rw-p 00000000 00:00 0 
7fc40c021000-7fc410000000 ---p 00000000 00:00 0 
7fc414000000-7fc414021000 rw-p 00000000 00:00 0 
7fc414021000-7fc418000000 ---p 00000000 00:00 0 
7fc418000000-7fc418021000 rw-p 00000000 00:00 0 
7fc418021000-7fc41c000000 ---p 00000000 00:00 0 
7fc41c000000-7fc41cffe000 rw-p 00000000 00:00 0 
7fc41cffe000-7fc420000000 ---p 00000000 00:00 0 
7fc420000000-7fc420346000 rw-p 00000000 00:00 0 
7fc420346000-7fc424000000 ---p 00000000 00:00 0 
7fc424000000-7fc425310000 rw-p 00000000 00:00 0 
7fc425310000-7fc428000000 ---p 00000000 00:00 0 
7fc428000000-7fc4290e0000 rw-p 00000000 00:00 0 
7fc4290e0000-7fc42c000000 ---p 00000000 00:00 0 
7fc42c000000-7fc42c021000 rw-p 00000000 00:00 0 
7fc42c021000-7fc430000000 ---p 00000000 00:00 0 
7fc430000000-7fc430021000 rw-p 00000000 00:00 0 
7fc430021000-7fc434000000 ---p 00000000 00:00 0 
7fc434000000-7fc434021000 rw-p 00000000 00:00 0 
7fc434021000-7fc438000000 ---p 00000000 00:00 0 
7fc438000000-7fc438021000 rw-p 00000000 00:00 0 
7fc438021000-7fc43c000000 ---p 00000000 00:00 0 
7fc43c000000-7fc43c021000 rw-p 00000000 00:00 0 
7fc43c021000-7fc440000000 ---p 00000000 00:00 0 
7fc442000000-7fc450000000 rw-p 00000000 00:00 0 
7fc450000000-7fc450021000 rw-p 00000000 00:00 0 
7fc450021000-7fc454000000 ---p 00000000 00:00 0 
7fc454000000-7fc454021000 rw-p 00000000 00:00 0 
7fc454021000-7fc458000000 ---p 00000000 00:00 0 
7fc45b1e0000-7fc45b2a0000 rw-p 00000000 00:00 0 
7fc45b2a0000-7fc45b3e0000 ---p 00000000 00:00 0 
7fc45b3e0000-7fc45b3e3000 ---p 00000000 00:00 0 
7fc45b3e3000-7fc45b4e1000 rw-p 00000000 00:00 0 
7fc45b4e1000-7fc45b4e2000 ---p 00000000 00:00 0 
7fc45b4e2000-7fc45b5e2000 rw-p 00000000 00:00 0 
7fc45b5e2000-7fc45b5e5000 ---p 00000000 00:00 0 
7fc45b5e5000-7fc45b9e4000 rw-p 00000000 00:00 0 
7fc45b9e4000-7fc45b9fb000 r-xp 00000000 08:02 12338546                   /usr/lib/jvm/java-8-openjdk-amd64/jre/lib/amd64/libnet.so
7fc45b9fb000-7fc45bbfa000 ---p 00017000 08:02 12338546                   /usr/lib/jvm/java-8-openjdk-amd64/jre/lib/amd64/libnet.so
7fc45bbfa000-7fc45bbfb000 r--p 00016000 08:02 12338546                   /usr/lib/jvm/java-8-openjdk-amd64/jre/lib/amd64/libnet.so
7fc45bbfb000-7fc45bbfc000 rw-p 00017000 08:02 12338546                   /usr/lib/jvm/java-8-openjdk-amd64/jre/lib/amd64/libnet.so
7fc45bbfc000-7fc45bbfd000 ---p 00000000 00:00 0 
7fc45bbfd000-7fc45bc00000 ---p 00000000 00:00 0 
7fc45bc00000-7fc45bcfd000 rw-p 00000000 00:00 0 
7fc45bcfd000-7fc45bcfe000 ---p 00000000 00:00 0 
7fc45bcfe000-7fc45bd01000 ---p 00000000 00:00 0 
7fc45bd01000-7fc45bdfe000 rw-p 00000000 00:00 0 
7fc45bdfe000-7fc45bdff000 ---p 00000000 00:00 0 
7fc45bdff000-7fc45be02000 ---p 00000000 00:00 0 
7fc45be02000-7fc45beff000 rw-p 00000000 00:00 0 
7fc45beff000-7fc45bf00000 ---p 00000000 00:00 0 
7fc45bf00000-7fc45bf03000 ---p 00000000 00:00 0 
7fc45bf03000-7fc45c000000 rw-p 00000000 00:00 0 
7fc45c000000-7fc45c021000 rw-p 00000000 00:00 0 
7fc45c021000-7fc460000000 ---p 00000000 00:00 0 
7fc460000000-7fc460021000 rw-p 00000000 00:00 0 
7fc460021000-7fc464000000 ---p 00000000 00:00 0 
7fc464000000-7fc464021000 rw-p 00000000 00:00 0 
7fc464021000-7fc468000000 ---p 00000000 00:00 0 
7fc468000000-7fc468021000 rw-p 00000000 00:00 0 
7fc468021000-7fc46c000000 ---p 00000000 00:00 0 
7fc46c000000-7fc46c021000 rw-p 00000000 00:00 0 
7fc46c021000-7fc470000000 ---p 00000000 00:00 0 
7fc470000000-7fc470021000 rw-p 00000000 00:00 0 
7fc470021000-7fc474000000 ---p 00000000 00:00 0 
7fc474050000-7fc474053000 ---p 00000000 00:00 0 
7fc474053000-7fc474151000 rw-p 00000000 00:00 0 
7fc474151000-7fc4741bd000 r--s 00689000 08:02 9961723                    /home/someusername/.gradle/caches/modules-2/files-2.1/org.codehaus.groovy/groovy-all/2.3.11/f6b34997d04c1538ce451d3955298f46fdb4dbd4/groovy-all-2.3.11.jar
7fc4741bd000-7fc4741c0000 ---p 00000000 00:00 0 
7fc4741c0000-7fc4742be000 rw-p 00000000 00:00 0 
7fc4742be000-7fc4745ee000 r--p 00000000 08:02 12320906                   /usr/lib/locale/locale-archive
7fc4745ee000-7fc4745f1000 ---p 00000000 00:00 0 
7fc4745f1000-7fc4746ef000 rw-p 00000000 00:00 0 
7fc4746ef000-7fc4746f2000 ---p 00000000 00:00 0 
7fc4746f2000-7fc4747f0000 rw-p 00000000 00:00 0 
7fc4747f0000-7fc4747f1000 ---p 00000000 00:00 0 
7fc4747f1000-7fc47645a000 rw-p 00000000 00:00 0 
7fc47645a000-7fc476629000 r--s 03c33000 08:02 12338591                   /usr/lib/jvm/java-8-openjdk-amd64/jre/lib/rt.jar
7fc476629000-7fc476efa000 rw-p 00000000 00:00 0 
7fc476efa000-7fc477cfa000 rw-p 00000000 00:00 0 
7fc477cfa000-7fc477cfb000 ---p 00000000 00:00 0 
7fc477cfb000-7fc477dfb000 rw-p 00000000 00:00 0 
7fc477dfb000-7fc477dfc000 ---p 00000000 00:00 0 
7fc477dfc000-7fc477efc000 rw-p 00000000 00:00 0 
7fc477efc000-7fc477efd000 ---p 00000000 00:00 0 
7fc477efd000-7fc477ffd000 rw-p 00000000 00:00 0 
7fc477ffd000-7fc477ffe000 ---p 00000000 00:00 0 
7fc477ffe000-7fc4780fe000 rw-p 00000000 00:00 0 
7fc4780fe000-7fc4780ff000 ---p 00000000 00:00 0 
7fc4780ff000-7fc4786fa000 rw-p 00000000 00:00 0 
7fc4786fa000-7fc478b54000 ---p 00000000 00:00 0 
7fc478b54000-7fc478ff5000 rw-p 00000000 00:00 0 
7fc478ff5000-7fc478fff000 ---p 00000000 00:00 0 
7fc478fff000-7fc479000000 rw-p 00000000 00:00 0 
7fc479000000-7fc479530000 rwxp 00000000 00:00 0 
7fc479530000-7fc488000000 ---p 00000000 00:00 0 
7fc488000000-7fc4884d8000 rw-p 00000000 00:00 0 
7fc4884d8000-7fc48c000000 ---p 00000000 00:00 0 
7fc48c02c000-7fc48c03f000 r--s 00346000 08:02 12338590                   /usr/lib/jvm/java-8-openjdk-amd64/jre/lib/resources.jar
7fc48c03f000-7fc48c040000 ---p 00000000 00:00 0 
7fc48c040000-7fc48c140000 rw-p 00000000 00:00 0 
7fc48c140000-7fc48c141000 ---p 00000000 00:00 0 
7fc48c141000-7fc48c241000 rw-p 00000000 00:00 0 
7fc48c241000-7fc48c242000 ---p 00000000 00:00 0 
7fc48c242000-7fc48c83d000 rw-p 00000000 00:00 0 
7fc48c83d000-7fc48cc98000 ---p 00000000 00:00 0 
7fc48cc98000-7fc48ccad000 rw-p 00000000 00:00 0 
7fc48ccad000-7fc48d058000 ---p 00000000 00:00 0 
7fc48d058000-7fc48d060000 r-xp 00000000 08:02 12338554                   /usr/lib/jvm/java-8-openjdk-amd64/jre/lib/amd64/libzip.so
7fc48d060000-7fc48d25f000 ---p 00008000 08:02 12338554                   /usr/lib/jvm/java-8-openjdk-amd64/jre/lib/amd64/libzip.so
7fc48d25f000-7fc48d260000 r--p 00007000 08:02 12338554                   /usr/lib/jvm/java-8-openjdk-amd64/jre/lib/amd64/libzip.so
7fc48d260000-7fc48d261000 rw-p 00008000 08:02 12338554                   /usr/lib/jvm/java-8-openjdk-amd64/jre/lib/amd64/libzip.so
7fc48d261000-7fc48d26c000 r-xp 00000000 08:02 11010304                   /lib/x86_64-linux-gnu/libnss_files-2.27.so
7fc48d26c000-7fc48d46b000 ---p 0000b000 08:02 11010304                   /lib/x86_64-linux-gnu/libnss_files-2.27.so
7fc48d46b000-7fc48d46c000 r--p 0000a000 08:02 11010304                   /lib/x86_64-linux-gnu/libnss_files-2.27.so
7fc48d46c000-7fc48d46d000 rw-p 0000b000 08:02 11010304                   /lib/x86_64-linux-gnu/libnss_files-2.27.so
7fc48d46d000-7fc48d473000 rw-p 00000000 00:00 0 
7fc48d473000-7fc48d48a000 r-xp 00000000 08:02 11010301                   /lib/x86_64-linux-gnu/libnsl-2.27.so
7fc48d48a000-7fc48d689000 ---p 00017000 08:02 11010301                   /lib/x86_64-linux-gnu/libnsl-2.27.so
7fc48d689000-7fc48d68a000 r--p 00016000 08:02 11010301                   /lib/x86_64-linux-gnu/libnsl-2.27.so
7fc48d68a000-7fc48d68b000 rw-p 00017000 08:02 11010301                   /lib/x86_64-linux-gnu/libnsl-2.27.so
7fc48d68b000-7fc48d68d000 rw-p 00000000 00:00 0 
7fc48d68d000-7fc48d698000 r-xp 00000000 08:02 11010306                   /lib/x86_64-linux-gnu/libnss_nis-2.27.so
7fc48d698000-7fc48d897000 ---p 0000b000 08:02 11010306                   /lib/x86_64-linux-gnu/libnss_nis-2.27.so
7fc48d897000-7fc48d898000 r--p 0000a000 08:02 11010306                   /lib/x86_64-linux-gnu/libnss_nis-2.27.so
7fc48d898000-7fc48d899000 rw-p 0000b000 08:02 11010306                   /lib/x86_64-linux-gnu/libnss_nis-2.27.so
7fc48d899000-7fc48d8a1000 r-xp 00000000 08:02 11010302                   /lib/x86_64-linux-gnu/libnss_compat-2.27.so
7fc48d8a1000-7fc48daa1000 ---p 00008000 08:02 11010302                   /lib/x86_64-linux-gnu/libnss_compat-2.27.so
7fc48daa1000-7fc48daa2000 r--p 00008000 08:02 11010302                   /lib/x86_64-linux-gnu/libnss_compat-2.27.so
7fc48daa2000-7fc48daa3000 rw-p 00009000 08:02 11010302                   /lib/x86_64-linux-gnu/libnss_compat-2.27.so
7fc48daa3000-7fc48daad000 r-xp 00000000 08:02 12335996                   /usr/lib/jvm/java-8-openjdk-amd64/jre/lib/amd64/libinstrument.so
7fc48daad000-7fc48dcac000 ---p 0000a000 08:02 12335996                   /usr/lib/jvm/java-8-openjdk-amd64/jre/lib/amd64/libinstrument.so
7fc48dcac000-7fc48dcad000 r--p 00009000 08:02 12335996                   /usr/lib/jvm/java-8-openjdk-amd64/jre/lib/amd64/libinstrument.so
7fc48dcad000-7fc48dcae000 rw-p 0000a000 08:02 12335996                   /usr/lib/jvm/java-8-openjdk-amd64/jre/lib/amd64/libinstrument.so
7fc48dcae000-7fc48dcdc000 r-xp 00000000 08:02 12336001                   /usr/lib/jvm/java-8-openjdk-amd64/jre/lib/amd64/libjava.so
7fc48dcdc000-7fc48dedb000 ---p 0002e000 08:02 12336001                   /usr/lib/jvm/java-8-openjdk-amd64/jre/lib/amd64/libjava.so
7fc48dedb000-7fc48dedc000 r--p 0002d000 08:02 12336001                   /usr/lib/jvm/java-8-openjdk-amd64/jre/lib/amd64/libjava.so
7fc48dedc000-7fc48dede000 rw-p 0002e000 08:02 12336001                   /usr/lib/jvm/java-8-openjdk-amd64/jre/lib/amd64/libjava.so
7fc48dede000-7fc48deee000 r-xp 00000000 08:02 12338553                   /usr/lib/jvm/java-8-openjdk-amd64/jre/lib/amd64/libverify.so
7fc48deee000-7fc48e0ed000 ---p 00010000 08:02 12338553                   /usr/lib/jvm/java-8-openjdk-amd64/jre/lib/amd64/libverify.so
7fc48e0ed000-7fc48e0ef000 r--p 0000f000 08:02 12338553                   /usr/lib/jvm/java-8-openjdk-amd64/jre/lib/amd64/libverify.so
7fc48e0ef000-7fc48e0f0000 rw-p 00011000 08:02 12338553                   /usr/lib/jvm/java-8-openjdk-amd64/jre/lib/amd64/libverify.so
7fc48e0f0000-7fc48e0f7000 r-xp 00000000 08:02 11010311                   /lib/x86_64-linux-gnu/librt-2.27.so
7fc48e0f7000-7fc48e2f6000 ---p 00007000 08:02 11010311                   /lib/x86_64-linux-gnu/librt-2.27.so
7fc48e2f6000-7fc48e2f7000 r--p 00006000 08:02 11010311                   /lib/x86_64-linux-gnu/librt-2.27.so
7fc48e2f7000-7fc48e2f8000 rw-p 00007000 08:02 11010311                   /lib/x86_64-linux-gnu/librt-2.27.so
7fc48e2f8000-7fc48e30f000 r-xp 00000000 08:02 11010355                   /lib/x86_64-linux-gnu/libgcc_s.so.1
7fc48e30f000-7fc48e50e000 ---p 00017000 08:02 11010355                   /lib/x86_64-linux-gnu/libgcc_s.so.1
7fc48e50e000-7fc48e50f000 r--p 00016000 08:02 11010355                   /lib/x86_64-linux-gnu/libgcc_s.so.1
7fc48e50f000-7fc48e510000 rw-p 00017000 08:02 11010355                   /lib/x86_64-linux-gnu/libgcc_s.so.1
7fc48e510000-7fc48e6ad000 r-xp 00000000 08:02 11010298                   /lib/x86_64-linux-gnu/libm-2.27.so
7fc48e6ad000-7fc48e8ac000 ---p 0019d000 08:02 11010298                   /lib/x86_64-linux-gnu/libm-2.27.so
7fc48e8ac000-7fc48e8ad000 r--p 0019c000 08:02 11010298                   /lib/x86_64-linux-gnu/libm-2.27.so
7fc48e8ad000-7fc48e8ae000 rw-p 0019d000 08:02 11010298                   /lib/x86_64-linux-gnu/libm-2.27.so
7fc48e8ae000-7fc48ea27000 r-xp 00000000 08:02 12331658                   /usr/lib/x86_64-linux-gnu/libstdc++.so.6.0.25
7fc48ea27000-7fc48ec27000 ---p 00179000 08:02 12331658                   /usr/lib/x86_64-linux-gnu/libstdc++.so.6.0.25
7fc48ec27000-7fc48ec31000 r--p 00179000 08:02 12331658                   /usr/lib/x86_64-linux-gnu/libstdc++.so.6.0.25
7fc48ec31000-7fc48ec33000 rw-p 00183000 08:02 12331658                   /usr/lib/x86_64-linux-gnu/libstdc++.so.6.0.25
7fc48ec33000-7fc48ec37000 rw-p 00000000 00:00 0 
7fc48ec37000-7fc48f8d1000 r-xp 00000000 08:02 12338556                   /usr/lib/jvm/java-8-openjdk-amd64/jre/lib/amd64/server/libjvm.so
7fc48f8d1000-7fc48fad0000 ---p 00c9a000 08:02 12338556                   /usr/lib/jvm/java-8-openjdk-amd64/jre/lib/amd64/server/libjvm.so
7fc48fad0000-7fc48fb64000 r--p 00c99000 08:02 12338556                   /usr/lib/jvm/java-8-openjdk-amd64/jre/lib/amd64/server/libjvm.so
7fc48fb64000-7fc48fb8d000 rw-p 00d2d000 08:02 12338556                   /usr/lib/jvm/java-8-openjdk-amd64/jre/lib/amd64/server/libjvm.so
7fc48fb8d000-7fc48fbbd000 rw-p 00000000 00:00 0 
7fc48fbbd000-7fc48fbd7000 r-xp 00000000 08:02 11010309                   /lib/x86_64-linux-gnu/libpthread-2.27.so
7fc48fbd7000-7fc48fdd6000 ---p 0001a000 08:02 11010309                   /lib/x86_64-linux-gnu/libpthread-2.27.so
7fc48fdd6000-7fc48fdd7000 r--p 00019000 08:02 11010309                   /lib/x86_64-linux-gnu/libpthread-2.27.so
7fc48fdd7000-7fc48fdd8000 rw-p 0001a000 08:02 11010309                   /lib/x86_64-linux-gnu/libpthread-2.27.so
7fc48fdd8000-7fc48fddc000 rw-p 00000000 00:00 0 
7fc48fddc000-7fc48fddf000 r-xp 00000000 08:02 11010297                   /lib/x86_64-linux-gnu/libdl-2.27.so
7fc48fddf000-7fc48ffde000 ---p 00003000 08:02 11010297                   /lib/x86_64-linux-gnu/libdl-2.27.so
7fc48ffde000-7fc48ffdf000 r--p 00002000 08:02 11010297                   /lib/x86_64-linux-gnu/libdl-2.27.so
7fc48ffdf000-7fc48ffe0000 rw-p 00003000 08:02 11010297                   /lib/x86_64-linux-gnu/libdl-2.27.so
7fc48ffe0000-7fc48fffc000 r-xp 00000000 08:02 11010339                   /lib/x86_64-linux-gnu/libz.so.1.2.11
7fc48fffc000-7fc4901fb000 ---p 0001c000 08:02 11010339                   /lib/x86_64-linux-gnu/libz.so.1.2.11
7fc4901fb000-7fc4901fc000 r--p 0001b000 08:02 11010339                   /lib/x86_64-linux-gnu/libz.so.1.2.11
7fc4901fc000-7fc4901fd000 rw-p 0001c000 08:02 11010339                   /lib/x86_64-linux-gnu/libz.so.1.2.11
7fc4901fd000-7fc4903e4000 r-xp 00000000 08:02 11010294                   /lib/x86_64-linux-gnu/libc-2.27.so
7fc4903e4000-7fc4905e4000 ---p 001e7000 08:02 11010294                   /lib/x86_64-linux-gnu/libc-2.27.so
7fc4905e4000-7fc4905e8000 r--p 001e7000 08:02 11010294                   /lib/x86_64-linux-gnu/libc-2.27.so
7fc4905e8000-7fc4905ea000 rw-p 001eb000 08:02 11010294                   /lib/x86_64-linux-gnu/libc-2.27.so
7fc4905ea000-7fc4905ee000 rw-p 00000000 00:00 0 
7fc4905ee000-7fc4905fc000 r-xp 00000000 08:02 12335987                   /usr/lib/jvm/java-8-openjdk-amd64/jre/lib/amd64/jli/libjli.so
7fc4905fc000-7fc4907fb000 ---p 0000e000 08:02 12335987                   /usr/lib/jvm/java-8-openjdk-amd64/jre/lib/amd64/jli/libjli.so
7fc4907fb000-7fc4907fc000 r--p 0000d000 08:02 12335987                   /usr/lib/jvm/java-8-openjdk-amd64/jre/lib/amd64/jli/libjli.so
7fc4907fc000-7fc4907fd000 rw-p 0000e000 08:02 12335987                   /usr/lib/jvm/java-8-openjdk-amd64/jre/lib/amd64/jli/libjli.so
7fc4907fd000-7fc490824000 r-xp 00000000 08:02 11010290                   /lib/x86_64-linux-gnu/ld-2.27.so
7fc490826000-7fc490828000 r--s 0001a000 08:02 4333877                    /home/someusername/.local/share/JetBrains/Toolbox/apps/IDEA-U/ch-0/183.5153.38/lib/idea_rt.jar
7fc490828000-7fc49082d000 r--s 000a0000 08:02 12338586                   /usr/lib/jvm/java-8-openjdk-amd64/jre/lib/jsse.jar
7fc49082d000-7fc49082f000 r--s 00016000 08:02 12338584                   /usr/lib/jvm/java-8-openjdk-amd64/jre/lib/jce.jar
7fc49082f000-7fc490834000 r--s 002f9000 08:02 12338557                   /usr/lib/jvm/java-8-openjdk-amd64/jre/lib/charsets.jar
7fc490834000-7fc49084f000 r--s 00394000 08:02 12338565                   /usr/lib/jvm/java-8-openjdk-amd64/jre/lib/ext/cldrdata.jar
7fc49084f000-7fc49086a000 r--s 001d6000 08:02 12338570                   /usr/lib/jvm/java-8-openjdk-amd64/jre/lib/ext/nashorn.jar
7fc49086a000-7fc4908f6000 rw-p 00000000 00:00 0 
7fc4908f6000-7fc4908f7000 ---p 00000000 00:00 0 
7fc4908f7000-7fc4908fa000 ---p 00000000 00:00 0 
7fc4908fa000-7fc4909f9000 rw-p 00000000 00:00 0 
7fc4909f9000-7fc4909fa000 r--s 00000000 08:02 12338588                   /usr/lib/jvm/java-8-openjdk-amd64/jre/lib/management-agent.jar
7fc4909fa000-7fc4909fd000 r--s 0000f000 08:02 12338567                   /usr/lib/jvm/java-8-openjdk-amd64/jre/lib/ext/icedtea-sound.jar
7fc4909fd000-7fc4909ff000 r--s 00007000 08:02 12858057                   /usr/share/java/java-atk-wrapper.jar
7fc4909ff000-7fc490a01000 r--s 00001000 08:02 12338566                   /usr/lib/jvm/java-8-openjdk-amd64/jre/lib/ext/dnsns.jar
7fc490a01000-7fc490a02000 r--s 0000a000 08:02 12338568                   /usr/lib/jvm/java-8-openjdk-amd64/jre/lib/ext/jaccess.jar
7fc490a02000-7fc490a08000 r--s 0003b000 08:02 12338572                   /usr/lib/jvm/java-8-openjdk-amd64/jre/lib/ext/sunjce_provider.jar
7fc490a08000-7fc490a0b000 r--s 00038000 08:02 12338573                   /usr/lib/jvm/java-8-openjdk-amd64/jre/lib/ext/sunpkcs11.jar
7fc490a0b000-7fc490a15000 r--s 00116000 08:02 12338569                   /usr/lib/jvm/java-8-openjdk-amd64/jre/lib/ext/localedata.jar
7fc490a15000-7fc490a17000 r--s 00008000 08:02 12338571                   /usr/lib/jvm/java-8-openjdk-amd64/jre/lib/ext/sunec.jar
7fc490a17000-7fc490a18000 r--s 00010000 08:02 12338574                   /usr/lib/jvm/java-8-openjdk-amd64/jre/lib/ext/zipfs.jar
7fc490a18000-7fc490a20000 rw-s 00000000 08:02 9961633                    /tmp/hsperfdata_someusername/11473
7fc490a20000-7fc490a21000 rw-p 00000000 00:00 0 
7fc490a21000-7fc490a22000 ---p 00000000 00:00 0 
7fc490a22000-7fc490a24000 rw-p 00000000 00:00 0 
7fc490a24000-7fc490a25000 r--p 00027000 08:02 11010290                   /lib/x86_64-linux-gnu/ld-2.27.so
7fc490a25000-7fc490a26000 rw-p 00028000 08:02 11010290                   /lib/x86_64-linux-gnu/ld-2.27.so
7fc490a26000-7fc490a27000 rw-p 00000000 00:00 0 
7ffc8e0ac000-7ffc8e0cd000 rw-p 00000000 00:00 0                          [stack]
7ffc8e109000-7ffc8e10c000 r--p 00000000 00:00 0                          [vvar]
7ffc8e10c000-7ffc8e10e000 r-xp 00000000 00:00 0                          [vdso]
ffffffffff600000-ffffffffff601000 r-xp 00000000 00:00 0                  [vsyscall]

VM Arguments:
jvm_args: -Xms128m -Xmx7g -javaagent:/home/someusername/.local/share/JetBrains/Toolbox/apps/IDEA-U/ch-0/183.5153.38/lib/idea_rt.jar=34755:/home/someusername/.local/share/JetBrains/Toolbox/apps/IDEA-U/ch-0/183.5153.38/bin -Dfile.encoding=UTF-8 
java_command: Main
java_class_path (initial): /usr/lib/jvm/java-8-openjdk-amd64/jre/lib/charsets.jar:/usr/lib/jvm/java-8-openjdk-amd64/jre/lib/ext/cldrdata.jar:/usr/lib/jvm/java-8-openjdk-amd64/jre/lib/ext/dnsns.jar:/usr/lib/jvm/java-8-openjdk-amd64/jre/lib/ext/icedtea-sound.jar:/usr/lib/jvm/java-8-openjdk-amd64/jre/lib/ext/jaccess.jar:/usr/lib/jvm/java-8-openjdk-amd64/jre/lib/ext/java-atk-wrapper.jar:/usr/lib/jvm/java-8-openjdk-amd64/jre/lib/ext/localedata.jar:/usr/lib/jvm/java-8-openjdk-amd64/jre/lib/ext/nashorn.jar:/usr/lib/jvm/java-8-openjdk-amd64/jre/lib/ext/sunec.jar:/usr/lib/jvm/java-8-openjdk-amd64/jre/lib/ext/sunjce_provider.jar:/usr/lib/jvm/java-8-openjdk-amd64/jre/lib/ext/sunpkcs11.jar:/usr/lib/jvm/java-8-openjdk-amd64/jre/lib/ext/zipfs.jar:/usr/lib/jvm/java-8-openjdk-amd64/jre/lib/jce.jar:/usr/lib/jvm/java-8-openjdk-amd64/jre/lib/jsse.jar:/usr/lib/jvm/java-8-openjdk-amd64/jre/lib/management-agent.jar:/usr/lib/jvm/java-8-openjdk-amd64/jre/lib/resources.jar:/usr/lib/jvm/java-8-openjdk-amd64/jre/lib/rt.jar:/home/someusername/snap/nextcloud-client/10/Nextcloud/workspace/uni/8/bachelor_project/out/production/classes:/home/someusername/.gradle/caches/modules-2/files-2.1/org.codehaus.groovy/groovy-all/2.3.11/f6b34997d04c1538ce451d3955298f46fdb4dbd4/groovy-all-2.3.11.jar:/home/someusername/.local/share/JetBrains/Toolbox/apps/IDEA-U/ch-0/183.5153.38/lib/idea_rt.jar
Launcher Type: SUN_STANDARD

Environment Variables:
PATH=/usr/local/sbin:/usr/local/bin:/usr/sbin:/usr/bin:/sbin:/bin:/usr/games:/usr/local/games
SHELL=/usr/bin/zsh
DISPLAY=:0

Signal Handlers:
SIGSEGV: [libjvm.so+0xab2ea0], sa_mask[0]=11111111011111111101111111111110, sa_flags=SA_RESTART|SA_SIGINFO
SIGBUS: [libjvm.so+0xab2ea0], sa_mask[0]=11111111011111111101111111111110, sa_flags=SA_RESTART|SA_SIGINFO
SIGFPE: [libjvm.so+0x8e87b0], sa_mask[0]=11111111011111111101111111111110, sa_flags=SA_RESTART|SA_SIGINFO
SIGPIPE: [libjvm.so+0x8e87b0], sa_mask[0]=11111111011111111101111111111110, sa_flags=SA_RESTART|SA_SIGINFO
SIGXFSZ: [libjvm.so+0x8e87b0], sa_mask[0]=11111111011111111101111111111110, sa_flags=SA_RESTART|SA_SIGINFO
SIGILL: [libjvm.so+0x8e87b0], sa_mask[0]=11111111011111111101111111111110, sa_flags=SA_RESTART|SA_SIGINFO
SIGUSR1: SIG_DFL, sa_mask[0]=00000000000000000000000000000000, sa_flags=none
SIGUSR2: [libjvm.so+0x8e8660], sa_mask[0]=00100000000000000000000000000000, sa_flags=SA_RESTART|SA_SIGINFO
SIGHUP: [libjvm.so+0x8e8cd0], sa_mask[0]=11111111011111111101111111111110, sa_flags=SA_RESTART|SA_SIGINFO
SIGINT: [libjvm.so+0x8e8cd0], sa_mask[0]=11111111011111111101111111111110, sa_flags=SA_RESTART|SA_SIGINFO
SIGTERM: [libjvm.so+0x8e8cd0], sa_mask[0]=11111111011111111101111111111110, sa_flags=SA_RESTART|SA_SIGINFO
SIGQUIT: [libjvm.so+0x8e8cd0], sa_mask[0]=11111111011111111101111111111110, sa_flags=SA_RESTART|SA_SIGINFO


---------------  S Y S T E M  ---------------

OS:DISTRIB_ID=Ubuntu
DISTRIB_RELEASE=18.04
DISTRIB_CODENAME=bionic
DISTRIB_DESCRIPTION="Ubuntu 18.04.1 LTS"

uname:Linux 4.15.0-47-generic #50-Ubuntu SMP Wed Mar 13 10:44:52 UTC 2019 x86_64
libc:glibc 2.27 NPTL 2.27 
rlimit: STACK 8192k, CORE 0k, NPROC 30499, NOFILE 65536, AS infinity
load average:4,00 1,99 1,16

/proc/meminfo:
MemTotal:        8104068 kB
MemFree:          137292 kB
MemAvailable:      59052 kB
Buffers:            5220 kB
Cached:            52492 kB
SwapCached:        37164 kB
Active:          6636196 kB
Inactive:         853456 kB
Active(anon):    6614888 kB
Inactive(anon):   826836 kB
Active(file):      21308 kB
Inactive(file):    26620 kB
Unevictable:           0 kB
Mlocked:               0 kB
SwapTotal:       1000444 kB
SwapFree:         470268 kB
Dirty:               112 kB
Writeback:             0 kB
AnonPages:       7395104 kB
Mapped:           176464 kB
Shmem:              9548 kB
Slab:             172272 kB
SReclaimable:      65360 kB
SUnreclaim:       106912 kB
KernelStack:       12592 kB
PageTables:        67676 kB
NFS_Unstable:          0 kB
Bounce:                0 kB
WritebackTmp:          0 kB
CommitLimit:     5052476 kB
Committed_AS:   12068304 kB
VmallocTotal:   34359738367 kB
VmallocUsed:           0 kB
VmallocChunk:          0 kB
HardwareCorrupted:     0 kB
AnonHugePages:         0 kB
ShmemHugePages:        0 kB
ShmemPmdMapped:        0 kB
CmaTotal:              0 kB
CmaFree:               0 kB
HugePages_Total:       0
HugePages_Free:        0
HugePages_Rsvd:        0
HugePages_Surp:        0
Hugepagesize:       2048 kB
DirectMap4k:      528444 kB
DirectMap2M:     7798784 kB
DirectMap1G:     1048576 kB

container (cgroup) information:
container_type: cgroupv1
cpu_cpuset_cpus: 0-7
cpu_memory_nodes: 0
active_processor_count: 8
cpu_quota: -1
cpu_period: 100000
cpu_shares: -1
memory_limit_in_bytes: -1
memory_and_swap_limit_in_bytes: -2
memory_soft_limit_in_bytes: -1
memory_usage_in_bytes: 7669719040
memory_max_usage_in_bytes: 0


CPU:total 8 (initial active 8) (4 cores per cpu, 2 threads per core) family 6 model 60 stepping 3, cmov, cx8, fxsr, mmx, sse, sse2, sse3, ssse3, sse4.1, sse4.2, popcnt, avx, avx2, aes, clmul, erms, lzcnt, ht, tsc, tscinvbit, bmi1, bmi2

/proc/cpuinfo:
processor	: 0
vendor_id	: GenuineIntel
cpu family	: 6
model		: 60
model name	: Intel(R) Core(TM) i7-4790K CPU @ 4.00GHz
stepping	: 3
microcode	: 0x25
cpu MHz		: 4393.034
cache size	: 8192 KB
physical id	: 0
siblings	: 8
core id		: 0
cpu cores	: 4
apicid		: 0
initial apicid	: 0
fpu		: yes
fpu_exception	: yes
cpuid level	: 13
wp		: yes
flags		: fpu vme de pse tsc msr pae mce cx8 apic sep mtrr pge mca cmov pat pse36 clflush dts acpi mmx fxsr sse sse2 ss ht tm pbe syscall nx pdpe1gb rdtscp lm constant_tsc arch_perfmon pebs bts rep_good nopl xtopology nonstop_tsc cpuid aperfmperf pni pclmulqdq dtes64 monitor ds_cpl vmx est tm2 ssse3 sdbg fma cx16 xtpr pdcm pcid sse4_1 sse4_2 x2apic movbe popcnt tsc_deadline_timer aes xsave avx f16c rdrand lahf_lm abm cpuid_fault invpcid_single pti ssbd ibrs ibpb stibp tpr_shadow vnmi flexpriority ept vpid fsgsbase tsc_adjust bmi1 avx2 smep bmi2 erms invpcid xsaveopt dtherm ida arat pln pts flush_l1d
bugs		: cpu_meltdown spectre_v1 spectre_v2 spec_store_bypass l1tf
bogomips	: 7999.98
clflush size	: 64
cache_alignment	: 64
address sizes	: 39 bits physical, 48 bits virtual
power management:

processor	: 1
vendor_id	: GenuineIntel
cpu family	: 6
model		: 60
model name	: Intel(R) Core(TM) i7-4790K CPU @ 4.00GHz
stepping	: 3
microcode	: 0x25
cpu MHz		: 4295.998
cache size	: 8192 KB
physical id	: 0
siblings	: 8
core id		: 1
cpu cores	: 4
apicid		: 2
initial apicid	: 2
fpu		: yes
fpu_exception	: yes
cpuid level	: 13
wp		: yes
flags		: fpu vme de pse tsc msr pae mce cx8 apic sep mtrr pge mca cmov pat pse36 clflush dts acpi mmx fxsr sse sse2 ss ht tm pbe syscall nx pdpe1gb rdtscp lm constant_tsc arch_perfmon pebs bts rep_good nopl xtopology nonstop_tsc cpuid aperfmperf pni pclmulqdq dtes64 monitor ds_cpl vmx est tm2 ssse3 sdbg fma cx16 xtpr pdcm pcid sse4_1 sse4_2 x2apic movbe popcnt tsc_deadline_timer aes xsave avx f16c rdrand lahf_lm abm cpuid_fault invpcid_single pti ssbd ibrs ibpb stibp tpr_shadow vnmi flexpriority ept vpid fsgsbase tsc_adjust bmi1 avx2 smep bmi2 erms invpcid xsaveopt dtherm ida arat pln pts flush_l1d
bugs		: cpu_meltdown spectre_v1 spectre_v2 spec_store_bypass l1tf
bogomips	: 7999.98
clflush size	: 64
cache_alignment	: 64
address sizes	: 39 bits physical, 48 bits virtual
power management:

processor	: 2
vendor_id	: GenuineIntel
cpu family	: 6
model		: 60
model name	: Intel(R) Core(TM) i7-4790K CPU @ 4.00GHz
stepping	: 3
microcode	: 0x25
cpu MHz		: 4395.495
cache size	: 8192 KB
physical id	: 0
siblings	: 8
core id		: 2
cpu cores	: 4
apicid		: 4
initial apicid	: 4
fpu		: yes
fpu_exception	: yes
cpuid level	: 13
wp		: yes
flags		: fpu vme de pse tsc msr pae mce cx8 apic sep mtrr pge mca cmov pat pse36 clflush dts acpi mmx fxsr sse sse2 ss ht tm pbe syscall nx pdpe1gb rdtscp lm constant_tsc arch_perfmon pebs bts rep_good nopl xtopology nonstop_tsc cpuid aperfmperf pni pclmulqdq dtes64 monitor ds_cpl vmx est tm2 ssse3 sdbg fma cx16 xtpr pdcm pcid sse4_1 sse4_2 x2apic movbe popcnt tsc_deadline_timer aes xsave avx f16c rdrand lahf_lm abm cpuid_fault invpcid_single pti ssbd ibrs ibpb stibp tpr_shadow vnmi flexpriority ept vpid fsgsbase tsc_adjust bmi1 avx2 smep bmi2 erms invpcid xsaveopt dtherm ida arat pln pts flush_l1d
bugs		: cpu_meltdown spectre_v1 spectre_v2 spec_store_bypass l1tf
bogomips	: 7999.98
clflush size	: 64
cache_alignment	: 64
address sizes	: 39 bits physical, 48 bits virtual
power management:

processor	: 3
vendor_id	: GenuineIntel
cpu family	: 6
model		: 60
model name	: Intel(R) Core(TM) i7-4790K CPU @ 4.00GHz
stepping	: 3
microcode	: 0x25
cpu MHz		: 4200.204
cache size	: 8192 KB
physical id	: 0
siblings	: 8
core id		: 3
cpu cores	: 4
apicid		: 6
initial apicid	: 6
fpu		: yes
fpu_exception	: yes
cpuid level	: 13
wp		: yes
flags		: fpu vme de pse tsc msr pae mce cx8 apic sep mtrr pge mca cmov pat pse36 clflush dts acpi mmx fxsr sse sse2 ss ht tm pbe syscall nx pdpe1gb rdtscp lm constant_tsc arch_perfmon pebs bts rep_good nopl xtopology nonstop_tsc cpuid aperfmperf pni pclmulqdq dtes64 monitor ds_cpl vmx est tm2 ssse3 sdbg fma cx16 xtpr pdcm pcid sse4_1 sse4_2 x2apic movbe popcnt tsc_deadline_timer aes xsave avx f16c rdrand lahf_lm abm cpuid_fault invpcid_single pti ssbd ibrs ibpb stibp tpr_shadow vnmi flexpriority ept vpid fsgsbase tsc_adjust bmi1 avx2 smep bmi2 erms invpcid xsaveopt dtherm ida arat pln pts flush_l1d
bugs		: cpu_meltdown spectre_v1 spectre_v2 spec_store_bypass l1tf
bogomips	: 7999.98
clflush size	: 64
cache_alignment	: 64
address sizes	: 39 bits physical, 48 bits virtual
power management:

processor	: 4
vendor_id	: GenuineIntel
cpu family	: 6
model		: 60
model name	: Intel(R) Core(TM) i7-4790K CPU @ 4.00GHz
stepping	: 3
microcode	: 0x25
cpu MHz		: 4393.674
cache size	: 8192 KB
physical id	: 0
siblings	: 8
core id		: 0
cpu cores	: 4
apicid		: 1
initial apicid	: 1
fpu		: yes
fpu_exception	: yes
cpuid level	: 13
wp		: yes
flags		: fpu vme de pse tsc msr pae mce cx8 apic sep mtrr pge mca cmov pat pse36 clflush dts acpi mmx fxsr sse sse2 ss ht tm pbe syscall nx pdpe1gb rdtscp lm constant_tsc arch_perfmon pebs bts rep_good nopl xtopology nonstop_tsc cpuid aperfmperf pni pclmulqdq dtes64 monitor ds_cpl vmx est tm2 ssse3 sdbg fma cx16 xtpr pdcm pcid sse4_1 sse4_2 x2apic movbe popcnt tsc_deadline_timer aes xsave avx f16c rdrand lahf_lm abm cpuid_fault invpcid_single pti ssbd ibrs ibpb stibp tpr_shadow vnmi flexpriority ept vpid fsgsbase tsc_adjust bmi1 avx2 smep bmi2 erms invpcid xsaveopt dtherm ida arat pln pts flush_l1d
bugs		: cpu_meltdown spectre_v1 spectre_v2 spec_store_bypass l1tf
bogomips	: 7999.98
clflush size	: 64
cache_alignment	: 64
address sizes	: 39 bits physical, 48 bits virtual
power management:

processor	: 5
vendor_id	: GenuineIntel
cpu family	: 6
model		: 60
model name	: Intel(R) Core(TM) i7-4790K CPU @ 4.00GHz
stepping	: 3
microcode	: 0x25
cpu MHz		: 4299.884
cache size	: 8192 KB
physical id	: 0
siblings	: 8
core id		: 1
cpu cores	: 4
apicid		: 3
initial apicid	: 3
fpu		: yes
fpu_exception	: yes
cpuid level	: 13
wp		: yes
flags		: fpu vme de pse tsc msr pae mce cx8 apic sep mtrr pge mca cmov pat pse36 clflush dts acpi mmx fxsr sse sse2 ss ht tm pbe syscall nx pdpe1gb rdtscp lm constant_tsc arch_perfmon pebs bts rep_good nopl xtopology nonstop_tsc cpuid aperfmperf pni pclmulqdq dtes64 monitor ds_cpl vmx est tm2 ssse3 sdbg fma cx16 xtpr pdcm pcid sse4_1 sse4_2 x2apic movbe popcnt tsc_deadline_timer aes xsave avx f16c rdrand lahf_lm abm cpuid_fault invpcid_single pti ssbd ibrs ibpb stibp tpr_shadow vnmi flexpriority ept vpid fsgsbase tsc_adjust bmi1 avx2 smep bmi2 erms invpcid xsaveopt dtherm ida arat pln pts flush_l1d
bugs		: cpu_meltdown spectre_v1 spectre_v2 spec_store_bypass l1tf
bogomips	: 7999.98
clflush size	: 64
cache_alignment	: 64
address sizes	: 39 bits physical, 48 bits virtual
power management:

processor	: 6
vendor_id	: GenuineIntel
cpu family	: 6
model		: 60
model name	: Intel(R) Core(TM) i7-4790K CPU @ 4.00GHz
stepping	: 3
microcode	: 0x25
cpu MHz		: 4393.616
cache size	: 8192 KB
physical id	: 0
siblings	: 8
core id		: 2
cpu cores	: 4
apicid		: 5
initial apicid	: 5
fpu		: yes
fpu_exception	: yes
cpuid level	: 13
wp		: yes
flags		: fpu vme de pse tsc msr pae mce cx8 apic sep mtrr pge mca cmov pat pse36 clflush dts acpi mmx fxsr sse sse2 ss ht tm pbe syscall nx pdpe1gb rdtscp lm constant_tsc arch_perfmon pebs bts rep_good nopl xtopology nonstop_tsc cpuid aperfmperf pni pclmulqdq dtes64 monitor ds_cpl vmx est tm2 ssse3 sdbg fma cx16 xtpr pdcm pcid sse4_1 sse4_2 x2apic movbe popcnt tsc_deadline_timer aes xsave avx f16c rdrand lahf_lm abm cpuid_fault invpcid_single pti ssbd ibrs ibpb stibp tpr_shadow vnmi flexpriority ept vpid fsgsbase tsc_adjust bmi1 avx2 smep bmi2 erms invpcid xsaveopt dtherm ida arat pln pts flush_l1d
bugs		: cpu_meltdown spectre_v1 spectre_v2 spec_store_bypass l1tf
bogomips	: 7999.98
clflush size	: 64
cache_alignment	: 64
address sizes	: 39 bits physical, 48 bits virtual
power management:

processor	: 7
vendor_id	: GenuineIntel
cpu family	: 6
model		: 60
model name	: Intel(R) Core(TM) i7-4790K CPU @ 4.00GHz
stepping	: 3
microcode	: 0x25
cpu MHz		: 4298.974
cache size	: 8192 KB
physical id	: 0
siblings	: 8
core id		: 3
cpu cores	: 4
apicid		: 7
initial apicid	: 7
fpu		: yes
fpu_exception	: yes
cpuid level	: 13
wp		: yes
flags		: fpu vme de pse tsc msr pae mce cx8 apic sep mtrr pge mca cmov pat pse36 clflush dts acpi mmx fxsr sse sse2 ss ht tm pbe syscall nx pdpe1gb rdtscp lm constant_tsc arch_perfmon pebs bts rep_good nopl xtopology nonstop_tsc cpuid aperfmperf pni pclmulqdq dtes64 monitor ds_cpl vmx est tm2 ssse3 sdbg fma cx16 xtpr pdcm pcid sse4_1 sse4_2 x2apic movbe popcnt tsc_deadline_timer aes xsave avx f16c rdrand lahf_lm abm cpuid_fault invpcid_single pti ssbd ibrs ibpb stibp tpr_shadow vnmi flexpriority ept vpid fsgsbase tsc_adjust bmi1 avx2 smep bmi2 erms invpcid xsaveopt dtherm ida arat pln pts flush_l1d
bugs		: cpu_meltdown spectre_v1 spectre_v2 spec_store_bypass l1tf
bogomips	: 7999.98
clflush size	: 64
cache_alignment	: 64
address sizes	: 39 bits physical, 48 bits virtual
power management:



Memory: 4k page, physical 8104068k(134316k free), swap 1000444k(470268k free)

vm_info: OpenJDK 64-Bit Server VM (25.191-b12) for linux-amd64 JRE (1.8.0_191-8u191-b12-2ubuntu0.18.04.1-b12), built on Jan 14 2019 21:02:00 by "buildd" with gcc 7.3.0

time: Tue Apr 16 19:00:15 2019
elapsed time: 124 seconds (0d 0h 2m 4s)

