#
# There is insufficient memory for the Java Runtime Environment to continue.
# Native memory allocation (mmap) failed to map 1202192384 bytes for committing reserved memory.
# Possible reasons:
#   The system is out of physical RAM or swap space
#   In 32 bit mode, the process size limit was hit
# Possible solutions:
#   Reduce memory load on the system
#   Increase physical memory or swap space
#   Check if swap backing store is full
#   Use 64 bit Java on a 64 bit OS
#   Decrease Java heap size (-Xmx/-Xms)
#   Decrease number of Java threads
#   Decrease Java thread stack sizes (-Xss)
#   Set larger code cache with -XX:ReservedCodeCacheSize=
# This output file may be truncated or incomplete.
#
#  Out of Memory Error (os_linux.cpp:2746), pid=20204, tid=0x00007fb6c4d15700
#
# JRE version: OpenJDK Runtime Environment (8.0_191-b12) (build 1.8.0_191-8u191-b12-2ubuntu0.18.04.1-b12)
# Java VM: OpenJDK 64-Bit Server VM (25.191-b12 mixed mode linux-amd64 compressed oops)
# Failed to write core dump. Core dumps have been disabled. To enable core dumping, try "ulimit -c unlimited" before starting Java again
#

---------------  T H R E A D  ---------------

Current thread (0x00007fb6dc1ca000):  VMThread [stack: 0x00007fb6c4c16000,0x00007fb6c4d16000] [id=20227]

Stack: [0x00007fb6c4c16000,0x00007fb6c4d16000],  sp=0x00007fb6c4d14440,  free space=1017k
Native frames: (J=compiled Java code, j=interpreted, Vv=VM code, C=native code)
V  [libjvm.so+0xab2552]
V  [libjvm.so+0x4d9e37]
V  [libjvm.so+0x8ed5e0]
V  [libjvm.so+0x8e470e]
V  [libjvm.so+0x968466]
V  [libjvm.so+0x9570da]
V  [libjvm.so+0x9572a8]
V  [libjvm.so+0x957eb0]
V  [libjvm.so+0x95e24c]
V  [libjvm.so+0x966335]
V  [libjvm.so+0x9149a8]
V  [libjvm.so+0xab4212]
V  [libjvm.so+0xab8dd6]
V  [libjvm.so+0xab7075]
V  [libjvm.so+0xab79ed]
V  [libjvm.so+0xab7dc7]
V  [libjvm.so+0x8ea992]

VM_Operation (0x00007fb6e4e93410): ParallelGCFailedAllocation, mode: safepoint, requested by thread 0x00007fb6dc00d000


---------------  P R O C E S S  ---------------

Java Threads: ( => current thread )
  0x00007fb674001000 JavaThread "Attach Listener" daemon [_thread_blocked, id=20254, stack(0x00007fb6bf7e4000,0x00007fb6bf8e5000)]
  0x00007fb6dc311000 JavaThread "Service Thread" daemon [_thread_blocked, id=20246, stack(0x00007fb6bf9e6000,0x00007fb6bfae7000)]
  0x00007fb6dc2fb800 JavaThread "C1 CompilerThread3" daemon [_thread_blocked, id=20245, stack(0x00007fb6c40de000,0x00007fb6c41de000)]
  0x00007fb6dc2f9800 JavaThread "C2 CompilerThread2" daemon [_thread_blocked, id=20244, stack(0x00007fb6c41df000,0x00007fb6c42df000)]
  0x00007fb6dc2f7800 JavaThread "C2 CompilerThread1" daemon [_thread_blocked, id=20243, stack(0x00007fb6c42e0000,0x00007fb6c43e0000)]
  0x00007fb6dc2f5800 JavaThread "C2 CompilerThread0" daemon [_thread_blocked, id=20242, stack(0x00007fb6c43e1000,0x00007fb6c44e1000)]
  0x00007fb6dc2f4000 JavaThread "Monitor Ctrl-Break" daemon [_thread_in_native, id=20241, stack(0x00007fb6c44e1000,0x00007fb6c45e2000)]
  0x00007fb6dc209800 JavaThread "Signal Dispatcher" daemon [_thread_blocked, id=20235, stack(0x00007fb6c45e2000,0x00007fb6c46e3000)]
  0x00007fb6dc1d6000 JavaThread "Finalizer" daemon [_thread_blocked, id=20231, stack(0x00007fb6c4a13000,0x00007fb6c4b14000)]
  0x00007fb6dc1d3800 JavaThread "Reference Handler" daemon [_thread_blocked, id=20229, stack(0x00007fb6c4b14000,0x00007fb6c4c15000)]
  0x00007fb6dc00d000 JavaThread "main" [_thread_blocked, id=20210, stack(0x00007fb6e4d95000,0x00007fb6e4e95000)]

Other Threads:
=>0x00007fb6dc1ca000 VMThread [stack: 0x00007fb6c4c16000,0x00007fb6c4d16000] [id=20227]
  0x00007fb6dc313800 WatcherThread [stack: 0x00007fb6bf8e6000,0x00007fb6bf9e6000] [id=20247]

VM state:at safepoint (normal execution)

VM Mutex/Monitor currently owned by a thread:  ([mutex/lock_event])
[0x00007fb6dc008f50] ExpandHeap_lock - owner thread: 0x00007fb6dc1ca000
[0x00007fb6dc0095d0] Threads_lock - owner thread: 0x00007fb6dc1ca000
[0x00007fb6dc009ad0] Heap_lock - owner thread: 0x00007fb6dc00d000

Heap:
 PSYoungGen      total 2128384K, used 0K [0x000000072ab00000, 0x00000007c0000000, 0x00000007c0000000)
  eden space 1974272K, 0% used [0x000000072ab00000,0x000000072ab00000,0x00000007a3300000)
  from space 154112K, 0% used [0x00000007b5a80000,0x00000007b5a80000,0x00000007bf100000)
  to   space 236032K, 0% used [0x00000007a3300000,0x00000007a3300000,0x00000007b1980000)
 ParOldGen       total 2796544K, used 2318454K [0x0000000600000000, 0x00000006aab00000, 0x000000072ab00000)
  object space 2796544K, 82% used [0x0000000600000000,0x000000068d81db50,0x00000006aab00000)
 Metaspace       used 9699K, capacity 9872K, committed 10112K, reserved 1058816K
  class space    used 1072K, capacity 1152K, committed 1152K, reserved 1048576K

Card table byte_map: [0x00007fb6e0335000,0x00007fb6e1136000] byte_map_base: 0x00007fb6dd335000

Marking Bits: (ParMarkBitMap*) 0x00007fb6e403e340
 Begin Bits: [0x00007fb68a000000, 0x00007fb691000000)
 End Bits:   [0x00007fb691000000, 0x00007fb698000000)

Polling page: 0x00007fb6e4ebf000

CodeCache: size=245760Kb used=4960Kb max_used=4978Kb free=240799Kb
 bounds [0x00007fb6cd000000, 0x00007fb6cd4f0000, 0x00007fb6dc000000]
 total_blobs=1625 nmethods=1300 adapters=240
 compilation: enabled

Compilation events (10 events):
Event: 9,971 Thread 0x00007fb6dc2f5800 1305       4       java.util.HashMap::removeNode (291 bytes)
Event: 9,974 Thread 0x00007fb6dc2f5800 nmethod 1305 0x00007fb6cd4bff90 code [0x00007fb6cd4c0120, 0x00007fb6cd4c05b8]
Event: 9,980 Thread 0x00007fb6dc2f9800 nmethod 1303 0x00007fb6cd4c9610 code [0x00007fb6cd4c9880, 0x00007fb6cd4caa08]
Event: 9,989 Thread 0x00007fb6dc2fb800 1306 %     3       cluster.dendrogram.DendrogramClustering::initializeDistances @ 39 (100 bytes)
Event: 9,989 Thread 0x00007fb6dc2fb800 nmethod 1306% 0x00007fb6cd4c7ed0 code [0x00007fb6cd4c8140, 0x00007fb6cd4c9088]
Event: 9,991 Thread 0x00007fb6dc2fb800 1307       3       cluster.dendrogram.DendrogramClustering::initializeDistances (100 bytes)
Event: 9,991 Thread 0x00007fb6dc2fb800 nmethod 1307 0x00007fb6cd4c68d0 code [0x00007fb6cd4c6b20, 0x00007fb6cd4c7988]
Event: 10,048 Thread 0x00007fb6dc2f7800 nmethod 1266 0x00007fb6cd4d1bd0 code [0x00007fb6cd4d2260, 0x00007fb6cd4d7960]
Event: 10,068 Thread 0x00007fb6dc2f5800 1308 %     4       cluster.dendrogram.DendrogramClustering::initializeDistances @ 39 (100 bytes)
Event: 10,075 Thread 0x00007fb6dc2f5800 nmethod 1308% 0x00007fb6cd4cdc90 code [0x00007fb6cd4cdee0, 0x00007fb6cd4ceb30]

GC Heap History (10 events):
Event: 47,281 GC heap after
Heap after GC invocations=30 (full 0):
 PSYoungGen      total 2259456K, used 90722K [0x000000072ab00000, 0x00000007bef80000, 0x00000007c0000000)
  eden space 2083840K, 0% used [0x000000072ab00000,0x000000072ab00000,0x00000007a9e00000)
  from space 175616K, 51% used [0x00000007b4400000,0x00000007b9c989c0,0x00000007bef80000)
  to   space 169984K, 0% used [0x00000007a9e00000,0x00000007a9e00000,0x00000007b4400000)
 ParOldGen       total 2796544K, used 2234257K [0x0000000600000000, 0x00000006aab00000, 0x000000072ab00000)
  object space 2796544K, 79% used [0x0000000600000000,0x00000006885e4460,0x00000006aab00000)
 Metaspace       used 9699K, capacity 9872K, committed 10112K, reserved 1058816K
  class space    used 1072K, capacity 1152K, committed 1152K, reserved 1048576K
}
Event: 49,083 GC heap before
{Heap before GC invocations=31 (full 0):
 PSYoungGen      total 2259456K, used 2174562K [0x000000072ab00000, 0x00000007bef80000, 0x00000007c0000000)
  eden space 2083840K, 100% used [0x000000072ab00000,0x00000007a9e00000,0x00000007a9e00000)
  from space 175616K, 51% used [0x00000007b4400000,0x00000007b9c989c0,0x00000007bef80000)
  to   space 169984K, 0% used [0x00000007a9e00000,0x00000007a9e00000,0x00000007b4400000)
 ParOldGen       total 2796544K, used 2234257K [0x0000000600000000, 0x00000006aab00000, 0x000000072ab00000)
  object space 2796544K, 79% used [0x0000000600000000,0x00000006885e4460,0x00000006aab00000)
 Metaspace       used 9699K, capacity 9872K, committed 10112K, reserved 1058816K
  class space    used 1072K, capacity 1152K, committed 1152K, reserved 1048576K
Event: 49,319 GC heap after
Heap after GC invocations=31 (full 0):
 PSYoungGen      total 2253824K, used 91010K [0x000000072ab00000, 0x00000007bef80000, 0x00000007c0000000)
  eden space 2083840K, 0% used [0x000000072ab00000,0x000000072ab00000,0x00000007a9e00000)
  from space 169984K, 53% used [0x00000007a9e00000,0x00000007af6e0a00,0x00000007b4400000)
  to   space 164352K, 0% used [0x00000007b4f00000,0x00000007b4f00000,0x00000007bef80000)
 ParOldGen       total 2796544K, used 2325075K [0x0000000600000000, 0x00000006aab00000, 0x000000072ab00000)
  object space 2796544K, 83% used [0x0000000600000000,0x000000068de94e10,0x00000006aab00000)
 Metaspace       used 9699K, capacity 9872K, committed 10112K, reserved 1058816K
  class space    used 1072K, capacity 1152K, committed 1152K, reserved 1048576K
}
Event: 51,129 GC heap before
{Heap before GC invocations=32 (full 0):
 PSYoungGen      total 2253824K, used 2174850K [0x000000072ab00000, 0x00000007bef80000, 0x00000007c0000000)
  eden space 2083840K, 100% used [0x000000072ab00000,0x00000007a9e00000,0x00000007a9e00000)
  from space 169984K, 53% used [0x00000007a9e00000,0x00000007af6e0a00,0x00000007b4400000)
  to   space 164352K, 0% used [0x00000007b4f00000,0x00000007b4f00000,0x00000007bef80000)
 ParOldGen       total 2796544K, used 2325075K [0x0000000600000000, 0x00000006aab00000, 0x000000072ab00000)
  object space 2796544K, 83% used [0x0000000600000000,0x000000068de94e10,0x00000006aab00000)
 Metaspace       used 9699K, capacity 9872K, committed 10112K, reserved 1058816K
  class space    used 1072K, capacity 1152K, committed 1152K, reserved 1048576K
Event: 51,359 GC heap after
Heap after GC invocations=32 (full 0):
 PSYoungGen      total 2270208K, used 91650K [0x000000072ab00000, 0x00000007bf080000, 0x00000007c0000000)
  eden space 2105856K, 0% used [0x000000072ab00000,0x000000072ab00000,0x00000007ab380000)
  from space 164352K, 55% used [0x00000007b4f00000,0x00000007ba880a50,0x00000007bef80000)
  to   space 159232K, 0% used [0x00000007ab380000,0x00000007ab380000,0x00000007b4f00000)
 ParOldGen       total 2796544K, used 2416198K [0x0000000600000000, 0x00000006aab00000, 0x000000072ab00000)
  object space 2796544K, 86% used [0x0000000600000000,0x0000000693791810,0x00000006aab00000)
 Metaspace       used 9699K, capacity 9872K, committed 10112K, reserved 1058816K
  class space    used 1072K, capacity 1152K, committed 1152K, reserved 1048576K
}
Event: 53,199 GC heap before
{Heap before GC invocations=33 (full 0):
 PSYoungGen      total 2270208K, used 2197506K [0x000000072ab00000, 0x00000007bf080000, 0x00000007c0000000)
  eden space 2105856K, 100% used [0x000000072ab00000,0x00000007ab380000,0x00000007ab380000)
  from space 164352K, 55% used [0x00000007b4f00000,0x00000007ba880a50,0x00000007bef80000)
  to   space 159232K, 0% used [0x00000007ab380000,0x00000007ab380000,0x00000007b4f00000)
 ParOldGen       total 2796544K, used 2416198K [0x0000000600000000, 0x00000006aab00000, 0x000000072ab00000)
  object space 2796544K, 86% used [0x0000000600000000,0x0000000693791810,0x00000006aab00000)
 Metaspace       used 9699K, capacity 9872K, committed 10112K, reserved 1058816K
  class space    used 1072K, capacity 1152K, committed 1152K, reserved 1048576K
Event: 53,395 GC heap after
Heap after GC invocations=33 (full 0):
 PSYoungGen      total 2265088K, used 92962K [0x000000072ab00000, 0x00000007bf100000, 0x00000007c0000000)
  eden space 2105856K, 0% used [0x000000072ab00000,0x000000072ab00000,0x00000007ab380000)
  from space 159232K, 58% used [0x00000007ab380000,0x00000007b0e48ad0,0x00000007b4f00000)
  to   space 154112K, 0% used [0x00000007b5a80000,0x00000007b5a80000,0x00000007bf100000)
 ParOldGen       total 2796544K, used 2507952K [0x0000000600000000, 0x00000006aab00000, 0x000000072ab00000)
  object space 2796544K, 89% used [0x0000000600000000,0x000000069912c260,0x00000006aab00000)
 Metaspace       used 9699K, capacity 9872K, committed 10112K, reserved 1058816K
  class space    used 1072K, capacity 1152K, committed 1152K, reserved 1048576K
}
Event: 55,608 GC heap before
{Heap before GC invocations=34 (full 0):
 PSYoungGen      total 2265088K, used 2198818K [0x000000072ab00000, 0x00000007bf100000, 0x00000007c0000000)
  eden space 2105856K, 100% used [0x000000072ab00000,0x00000007ab380000,0x00000007ab380000)
  from space 159232K, 58% used [0x00000007ab380000,0x00000007b0e48ad0,0x00000007b4f00000)
  to   space 154112K, 0% used [0x00000007b5a80000,0x00000007b5a80000,0x00000007bf100000)
 ParOldGen       total 2796544K, used 2507952K [0x0000000600000000, 0x00000006aab00000, 0x000000072ab00000)
  object space 2796544K, 89% used [0x0000000600000000,0x000000069912c260,0x00000006aab00000)
 Metaspace       used 9699K, capacity 9872K, committed 10112K, reserved 1058816K
  class space    used 1072K, capacity 1152K, committed 1152K, reserved 1048576K
Event: 55,931 GC heap after
Heap after GC invocations=34 (full 0):
 PSYoungGen      total 2128384K, used 154100K [0x000000072ab00000, 0x00000007c0000000, 0x00000007c0000000)
  eden space 1974272K, 0% used [0x000000072ab00000,0x000000072ab00000,0x00000007a3300000)
  from space 154112K, 99% used [0x00000007b5a80000,0x00000007bf0fd390,0x00000007bf100000)
  to   space 236032K, 0% used [0x00000007a3300000,0x00000007a3300000,0x00000007b1980000)
 ParOldGen       total 2796544K, used 2687819K [0x0000000600000000, 0x00000006aab00000, 0x000000072ab00000)
  object space 2796544K, 96% used [0x0000000600000000,0x00000006a40d2ff0,0x00000006aab00000)
 Metaspace       used 9699K, capacity 9872K, committed 10112K, reserved 1058816K
  class space    used 1072K, capacity 1152K, committed 1152K, reserved 1048576K
}
Event: 55,947 GC heap before
{Heap before GC invocations=35 (full 1):
 PSYoungGen      total 2128384K, used 154100K [0x000000072ab00000, 0x00000007c0000000, 0x00000007c0000000)
  eden space 1974272K, 0% used [0x000000072ab00000,0x000000072ab00000,0x00000007a3300000)
  from space 154112K, 99% used [0x00000007b5a80000,0x00000007bf0fd390,0x00000007bf100000)
  to   space 236032K, 0% used [0x00000007a3300000,0x00000007a3300000,0x00000007b1980000)
 ParOldGen       total 2796544K, used 2687819K [0x0000000600000000, 0x00000006aab00000, 0x000000072ab00000)
  object space 2796544K, 96% used [0x0000000600000000,0x00000006a40d2ff0,0x00000006aab00000)
 Metaspace       used 9699K, capacity 9872K, committed 10112K, reserved 1058816K
  class space    used 1072K, capacity 1152K, committed 1152K, reserved 1048576K

Deoptimization events (10 events):
Event: 9,796 Thread 0x00007fb6dc00d000 Uncommon trap: reason=class_check action=maybe_recompile pc=0x00007fb6cd407b5c method=java.util.Arrays.copyOf([Ljava/lang/Object;ILjava/lang/Class;)[Ljava/lang/Object; @ 24
Event: 9,798 Thread 0x00007fb6dc00d000 Uncommon trap: reason=class_check action=maybe_recompile pc=0x00007fb6cd407b5c method=java.util.Arrays.copyOf([Ljava/lang/Object;ILjava/lang/Class;)[Ljava/lang/Object; @ 24
Event: 9,800 Thread 0x00007fb6dc00d000 Uncommon trap: reason=class_check action=maybe_recompile pc=0x00007fb6cd407b5c method=java.util.Arrays.copyOf([Ljava/lang/Object;ILjava/lang/Class;)[Ljava/lang/Object; @ 24
Event: 9,801 Thread 0x00007fb6dc00d000 Uncommon trap: reason=class_check action=maybe_recompile pc=0x00007fb6cd407b5c method=java.util.Arrays.copyOf([Ljava/lang/Object;ILjava/lang/Class;)[Ljava/lang/Object; @ 24
Event: 9,820 Thread 0x00007fb6dc00d000 Uncommon trap: reason=class_check action=maybe_recompile pc=0x00007fb6cd38aeb0 method=java.util.AbstractCollection.toArray([Ljava/lang/Object;)[Ljava/lang/Object; @ 1
Event: 9,828 Thread 0x00007fb6dc00d000 Uncommon trap: reason=unstable_if action=reinterpret pc=0x00007fb6cd34b868 method=java.lang.CharacterDataLatin1.digit(II)I @ 31
Event: 9,832 Thread 0x00007fb6dc00d000 Uncommon trap: reason=class_check action=maybe_recompile pc=0x00007fb6cd3478d0 method=sun.reflect.DelegatingMethodAccessorImpl.invoke(Ljava/lang/Object;[Ljava/lang/Object;)Ljava/lang/Object; @ 6
Event: 9,964 Thread 0x00007fb6dc00d000 Uncommon trap: reason=unstable_if action=reinterpret pc=0x00007fb6cd49a0e0 method=java.util.HashMap.removeNode(ILjava/lang/Object;Ljava/lang/Object;ZZ)Ljava/util/HashMap$Node; @ 121
Event: 9,964 Thread 0x00007fb6dc00d000 Uncommon trap: reason=unstable_if action=reinterpret pc=0x00007fb6cd48e6c0 method=java.util.HashMap.removeNode(ILjava/lang/Object;Ljava/lang/Object;ZZ)Ljava/util/HashMap$Node; @ 121
Event: 9,965 Thread 0x00007fb6dc00d000 Uncommon trap: reason=unstable_if action=reinterpret pc=0x00007fb6cd48f264 method=java.util.HashMap.removeNode(ILjava/lang/Object;Ljava/lang/Object;ZZ)Ljava/util/HashMap$Node; @ 121

Classes redefined (0 events):
No events

Internal exceptions (10 events):
Event: 0,220 Thread 0x00007fb6dc00d000 Exception <a 'java/lang/ArrayIndexOutOfBoundsException'> (0x000000072bd1ad28) thrown at [/build/openjdk-8-5w_p1G/openjdk-8-8u191-b12/src/hotspot/src/share/vm/runtime/sharedRuntime.cpp, line 605]
Event: 0,220 Thread 0x00007fb6dc00d000 Exception <a 'java/lang/ArrayIndexOutOfBoundsException'> (0x000000072bd1c578) thrown at [/build/openjdk-8-5w_p1G/openjdk-8-8u191-b12/src/hotspot/src/share/vm/runtime/sharedRuntime.cpp, line 605]
Event: 0,221 Thread 0x00007fb6dc00d000 Exception <a 'java/lang/ClassNotFoundException': groovy/lang/Closure$1Customizer> (0x000000072bd2bd10) thrown at [/build/openjdk-8-5w_p1G/openjdk-8-8u191-b12/src/hotspot/src/share/vm/classfile/systemDictionary.cpp, line 210]
Event: 0,221 Thread 0x00007fb6dc00d000 Exception <a 'java/lang/ArrayIndexOutOfBoundsException'> (0x000000072bd2f168) thrown at [/build/openjdk-8-5w_p1G/openjdk-8-8u191-b12/src/hotspot/src/share/vm/runtime/sharedRuntime.cpp, line 605]
Event: 0,224 Thread 0x00007fb6dc00d000 Exception <a 'java/lang/ClassNotFoundException': groovy/json/JsonTokenType$1BeanInfo> (0x000000072bd64160) thrown at [/build/openjdk-8-5w_p1G/openjdk-8-8u191-b12/src/hotspot/src/share/vm/classfile/systemDictionary.cpp, line 210]
Event: 0,224 Thread 0x00007fb6dc00d000 Exception <a 'java/lang/ClassNotFoundException': groovy/json/JsonTokenType$1Customizer> (0x000000072bd6c8b8) thrown at [/build/openjdk-8-5w_p1G/openjdk-8-8u191-b12/src/hotspot/src/share/vm/classfile/systemDictionary.cpp, line 210]
Event: 9,744 Thread 0x00007fb6dc00d000 Implicit null exception at 0x00007fb6cd3e675e to 0x00007fb6cd3e88a9
Event: 9,793 Thread 0x00007fb6dc00d000 Implicit null exception at 0x00007fb6cd33ceaa to 0x00007fb6cd33e85d
Event: 9,817 Thread 0x00007fb6dc00d000 Exception <a 'java/lang/NoSuchFieldError': method resolution failed> (0x000000073e47eba8) thrown at [/build/openjdk-8-5w_p1G/openjdk-8-8u191-b12/src/hotspot/src/share/vm/prims/methodHandles.cpp, line 1167]
Event: 9,818 Thread 0x00007fb6dc00d000 Exception <a 'java/lang/NoSuchFieldError': method resolution failed> (0x000000073e48c768) thrown at [/build/openjdk-8-5w_p1G/openjdk-8-8u191-b12/src/hotspot/src/share/vm/prims/methodHandles.cpp, line 1167]

Events (10 events):
Event: 45,338 Executing VM operation: ParallelGCFailedAllocation done
Event: 47,082 Executing VM operation: ParallelGCFailedAllocation
Event: 47,281 Executing VM operation: ParallelGCFailedAllocation done
Event: 49,081 Executing VM operation: ParallelGCFailedAllocation
Event: 49,334 Executing VM operation: ParallelGCFailedAllocation done
Event: 51,129 Executing VM operation: ParallelGCFailedAllocation
Event: 51,359 Executing VM operation: ParallelGCFailedAllocation done
Event: 53,199 Executing VM operation: ParallelGCFailedAllocation
Event: 53,400 Executing VM operation: ParallelGCFailedAllocation done
Event: 55,605 Executing VM operation: ParallelGCFailedAllocation


Dynamic libraries:
600000000-6aab00000 rw-p 00000000 00:00 0 
6f2580000-72ab00000 ---p 00000000 00:00 0 
72ab00000-7c0000000 rw-p 00000000 00:00 0 
7c0000000-7c0120000 rw-p 00000000 00:00 0 
7c0120000-800000000 ---p 00000000 00:00 0 
555a190a9000-555a190aa000 r-xp 00000000 08:02 12335970                   /usr/lib/jvm/java-8-openjdk-amd64/jre/bin/java
555a192a9000-555a192aa000 r--p 00000000 08:02 12335970                   /usr/lib/jvm/java-8-openjdk-amd64/jre/bin/java
555a192aa000-555a192ab000 rw-p 00001000 08:02 12335970                   /usr/lib/jvm/java-8-openjdk-amd64/jre/bin/java
555a1ac2a000-555a1ac4b000 rw-p 00000000 00:00 0                          [heap]
7fb654000000-7fb654021000 rw-p 00000000 00:00 0 
7fb654021000-7fb658000000 ---p 00000000 00:00 0 
7fb65c000000-7fb65c021000 rw-p 00000000 00:00 0 
7fb65c021000-7fb660000000 ---p 00000000 00:00 0 
7fb660000000-7fb660021000 rw-p 00000000 00:00 0 
7fb660021000-7fb664000000 ---p 00000000 00:00 0 
7fb664000000-7fb664868000 rw-p 00000000 00:00 0 
7fb664868000-7fb668000000 ---p 00000000 00:00 0 
7fb668000000-7fb66842a000 rw-p 00000000 00:00 0 
7fb66842a000-7fb66c000000 ---p 00000000 00:00 0 
7fb66c000000-7fb66c9fe000 rw-p 00000000 00:00 0 
7fb66c9fe000-7fb670000000 ---p 00000000 00:00 0 
7fb670000000-7fb67087f000 rw-p 00000000 00:00 0 
7fb67087f000-7fb674000000 ---p 00000000 00:00 0 
7fb674000000-7fb674021000 rw-p 00000000 00:00 0 
7fb674021000-7fb678000000 ---p 00000000 00:00 0 
7fb678000000-7fb678021000 rw-p 00000000 00:00 0 
7fb678021000-7fb67c000000 ---p 00000000 00:00 0 
7fb67c000000-7fb67c021000 rw-p 00000000 00:00 0 
7fb67c021000-7fb680000000 ---p 00000000 00:00 0 
7fb680000000-7fb680021000 rw-p 00000000 00:00 0 
7fb680021000-7fb684000000 ---p 00000000 00:00 0 
7fb684000000-7fb684021000 rw-p 00000000 00:00 0 
7fb684021000-7fb688000000 ---p 00000000 00:00 0 
7fb68a000000-7fb698000000 rw-p 00000000 00:00 0 
7fb698000000-7fb698021000 rw-p 00000000 00:00 0 
7fb698021000-7fb69c000000 ---p 00000000 00:00 0 
7fb69c000000-7fb69c021000 rw-p 00000000 00:00 0 
7fb69c021000-7fb6a0000000 ---p 00000000 00:00 0 
7fb6a0000000-7fb6a0021000 rw-p 00000000 00:00 0 
7fb6a0021000-7fb6a4000000 ---p 00000000 00:00 0 
7fb6a8000000-7fb6a8021000 rw-p 00000000 00:00 0 
7fb6a8021000-7fb6ac000000 ---p 00000000 00:00 0 
7fb6b0000000-7fb6b0021000 rw-p 00000000 00:00 0 
7fb6b0021000-7fb6b4000000 ---p 00000000 00:00 0 
7fb6b8000000-7fb6b8021000 rw-p 00000000 00:00 0 
7fb6b8021000-7fb6bc000000 ---p 00000000 00:00 0 
7fb6bf5e4000-7fb6bf6a4000 rw-p 00000000 00:00 0 
7fb6bf6a4000-7fb6bf7e4000 ---p 00000000 00:00 0 
7fb6bf7e4000-7fb6bf7e7000 ---p 00000000 00:00 0 
7fb6bf7e7000-7fb6bf8e5000 rw-p 00000000 00:00 0 
7fb6bf8e5000-7fb6bf8e6000 ---p 00000000 00:00 0 
7fb6bf8e6000-7fb6bf9e6000 rw-p 00000000 00:00 0 
7fb6bf9e6000-7fb6bf9e9000 ---p 00000000 00:00 0 
7fb6bf9e9000-7fb6bfde8000 rw-p 00000000 00:00 0 
7fb6bfde8000-7fb6bfdff000 r-xp 00000000 08:02 12338546                   /usr/lib/jvm/java-8-openjdk-amd64/jre/lib/amd64/libnet.so
7fb6bfdff000-7fb6bfffe000 ---p 00017000 08:02 12338546                   /usr/lib/jvm/java-8-openjdk-amd64/jre/lib/amd64/libnet.so
7fb6bfffe000-7fb6bffff000 r--p 00016000 08:02 12338546                   /usr/lib/jvm/java-8-openjdk-amd64/jre/lib/amd64/libnet.so
7fb6bffff000-7fb6c0000000 rw-p 00017000 08:02 12338546                   /usr/lib/jvm/java-8-openjdk-amd64/jre/lib/amd64/libnet.so
7fb6c0000000-7fb6c0021000 rw-p 00000000 00:00 0 
7fb6c0021000-7fb6c4000000 ---p 00000000 00:00 0 
7fb6c40dd000-7fb6c40de000 ---p 00000000 00:00 0 
7fb6c40de000-7fb6c40e1000 ---p 00000000 00:00 0 
7fb6c40e1000-7fb6c41de000 rw-p 00000000 00:00 0 
7fb6c41de000-7fb6c41df000 ---p 00000000 00:00 0 
7fb6c41df000-7fb6c41e2000 ---p 00000000 00:00 0 
7fb6c41e2000-7fb6c42df000 rw-p 00000000 00:00 0 
7fb6c42df000-7fb6c42e0000 ---p 00000000 00:00 0 
7fb6c42e0000-7fb6c42e3000 ---p 00000000 00:00 0 
7fb6c42e3000-7fb6c43e0000 rw-p 00000000 00:00 0 
7fb6c43e0000-7fb6c43e1000 ---p 00000000 00:00 0 
7fb6c43e1000-7fb6c43e4000 ---p 00000000 00:00 0 
7fb6c43e4000-7fb6c44e1000 rw-p 00000000 00:00 0 
7fb6c44e1000-7fb6c44e4000 ---p 00000000 00:00 0 
7fb6c44e4000-7fb6c45e2000 rw-p 00000000 00:00 0 
7fb6c45e2000-7fb6c45e5000 ---p 00000000 00:00 0 
7fb6c45e5000-7fb6c46e3000 rw-p 00000000 00:00 0 
7fb6c46e3000-7fb6c4a13000 r--p 00000000 08:02 12320906                   /usr/lib/locale/locale-archive
7fb6c4a13000-7fb6c4a16000 ---p 00000000 00:00 0 
7fb6c4a16000-7fb6c4b14000 rw-p 00000000 00:00 0 
7fb6c4b14000-7fb6c4b17000 ---p 00000000 00:00 0 
7fb6c4b17000-7fb6c4c15000 rw-p 00000000 00:00 0 
7fb6c4c15000-7fb6c4c16000 ---p 00000000 00:00 0 
7fb6c4c16000-7fb6c6831000 rw-p 00000000 00:00 0 
7fb6c6831000-7fb6c6a00000 r--s 03c33000 08:02 12338591                   /usr/lib/jvm/java-8-openjdk-amd64/jre/lib/rt.jar
7fb6c6a00000-7fb6c8000000 rw-p 00000000 00:00 0 
7fb6c8000000-7fb6c8021000 rw-p 00000000 00:00 0 
7fb6c8021000-7fb6cc000000 ---p 00000000 00:00 0 
7fb6cc01a000-7fb6cc086000 r--s 00689000 08:02 9961723                    /home/someusername/.gradle/caches/modules-2/files-2.1/org.codehaus.groovy/groovy-all/2.3.11/f6b34997d04c1538ce451d3955298f46fdb4dbd4/groovy-all-2.3.11.jar
7fb6cc086000-7fb6cc1a5000 rw-p 00000000 00:00 0 
7fb6cc1a5000-7fb6cc1a6000 ---p 00000000 00:00 0 
7fb6cc1a6000-7fb6cc2a6000 rw-p 00000000 00:00 0 
7fb6cc2a6000-7fb6cc2a7000 ---p 00000000 00:00 0 
7fb6cc2a7000-7fb6cc3a7000 rw-p 00000000 00:00 0 
7fb6cc3a7000-7fb6cc3a8000 ---p 00000000 00:00 0 
7fb6cc3a8000-7fb6cc4a8000 rw-p 00000000 00:00 0 
7fb6cc4a8000-7fb6cc4a9000 ---p 00000000 00:00 0 
7fb6cc4a9000-7fb6cc5a9000 rw-p 00000000 00:00 0 
7fb6cc5a9000-7fb6cc5aa000 ---p 00000000 00:00 0 
7fb6cc5aa000-7fb6ccc00000 rw-p 00000000 00:00 0 
7fb6ccc00000-7fb6cd000000 ---p 00000000 00:00 0 
7fb6cd000000-7fb6cd4f0000 rwxp 00000000 00:00 0 
7fb6cd4f0000-7fb6dc000000 ---p 00000000 00:00 0 
7fb6dc000000-7fb6dc4cc000 rw-p 00000000 00:00 0 
7fb6dc4cc000-7fb6e0000000 ---p 00000000 00:00 0 
7fb6e001f000-7fb6e0032000 r--s 00346000 08:02 12338590                   /usr/lib/jvm/java-8-openjdk-amd64/jre/lib/resources.jar
7fb6e0032000-7fb6e0033000 ---p 00000000 00:00 0 
7fb6e0033000-7fb6e0133000 rw-p 00000000 00:00 0 
7fb6e0133000-7fb6e0134000 ---p 00000000 00:00 0 
7fb6e0134000-7fb6e0234000 rw-p 00000000 00:00 0 
7fb6e0234000-7fb6e0235000 ---p 00000000 00:00 0 
7fb6e0235000-7fb6e088b000 rw-p 00000000 00:00 0 
7fb6e088b000-7fb6e0c8a000 ---p 00000000 00:00 0 
7fb6e0c8a000-7fb6e1135000 rw-p 00000000 00:00 0 
7fb6e1135000-7fb6e114a000 rw-p 00000000 00:00 0 
7fb6e114a000-7fb6e14f6000 ---p 00000000 00:00 0 
7fb6e14f6000-7fb6e14fe000 r-xp 00000000 08:02 12338554                   /usr/lib/jvm/java-8-openjdk-amd64/jre/lib/amd64/libzip.so
7fb6e14fe000-7fb6e16fd000 ---p 00008000 08:02 12338554                   /usr/lib/jvm/java-8-openjdk-amd64/jre/lib/amd64/libzip.so
7fb6e16fd000-7fb6e16fe000 r--p 00007000 08:02 12338554                   /usr/lib/jvm/java-8-openjdk-amd64/jre/lib/amd64/libzip.so
7fb6e16fe000-7fb6e16ff000 rw-p 00008000 08:02 12338554                   /usr/lib/jvm/java-8-openjdk-amd64/jre/lib/amd64/libzip.so
7fb6e16ff000-7fb6e170a000 r-xp 00000000 08:02 11010304                   /lib/x86_64-linux-gnu/libnss_files-2.27.so
7fb6e170a000-7fb6e1909000 ---p 0000b000 08:02 11010304                   /lib/x86_64-linux-gnu/libnss_files-2.27.so
7fb6e1909000-7fb6e190a000 r--p 0000a000 08:02 11010304                   /lib/x86_64-linux-gnu/libnss_files-2.27.so
7fb6e190a000-7fb6e190b000 rw-p 0000b000 08:02 11010304                   /lib/x86_64-linux-gnu/libnss_files-2.27.so
7fb6e190b000-7fb6e1911000 rw-p 00000000 00:00 0 
7fb6e1911000-7fb6e1928000 r-xp 00000000 08:02 11010301                   /lib/x86_64-linux-gnu/libnsl-2.27.so
7fb6e1928000-7fb6e1b27000 ---p 00017000 08:02 11010301                   /lib/x86_64-linux-gnu/libnsl-2.27.so
7fb6e1b27000-7fb6e1b28000 r--p 00016000 08:02 11010301                   /lib/x86_64-linux-gnu/libnsl-2.27.so
7fb6e1b28000-7fb6e1b29000 rw-p 00017000 08:02 11010301                   /lib/x86_64-linux-gnu/libnsl-2.27.so
7fb6e1b29000-7fb6e1b2b000 rw-p 00000000 00:00 0 
7fb6e1b2b000-7fb6e1b36000 r-xp 00000000 08:02 11010306                   /lib/x86_64-linux-gnu/libnss_nis-2.27.so
7fb6e1b36000-7fb6e1d35000 ---p 0000b000 08:02 11010306                   /lib/x86_64-linux-gnu/libnss_nis-2.27.so
7fb6e1d35000-7fb6e1d36000 r--p 0000a000 08:02 11010306                   /lib/x86_64-linux-gnu/libnss_nis-2.27.so
7fb6e1d36000-7fb6e1d37000 rw-p 0000b000 08:02 11010306                   /lib/x86_64-linux-gnu/libnss_nis-2.27.so
7fb6e1d37000-7fb6e1d3f000 r-xp 00000000 08:02 11010302                   /lib/x86_64-linux-gnu/libnss_compat-2.27.so
7fb6e1d3f000-7fb6e1f3f000 ---p 00008000 08:02 11010302                   /lib/x86_64-linux-gnu/libnss_compat-2.27.so
7fb6e1f3f000-7fb6e1f40000 r--p 00008000 08:02 11010302                   /lib/x86_64-linux-gnu/libnss_compat-2.27.so
7fb6e1f40000-7fb6e1f41000 rw-p 00009000 08:02 11010302                   /lib/x86_64-linux-gnu/libnss_compat-2.27.so
7fb6e1f41000-7fb6e1f4b000 r-xp 00000000 08:02 12335996                   /usr/lib/jvm/java-8-openjdk-amd64/jre/lib/amd64/libinstrument.so
7fb6e1f4b000-7fb6e214a000 ---p 0000a000 08:02 12335996                   /usr/lib/jvm/java-8-openjdk-amd64/jre/lib/amd64/libinstrument.so
7fb6e214a000-7fb6e214b000 r--p 00009000 08:02 12335996                   /usr/lib/jvm/java-8-openjdk-amd64/jre/lib/amd64/libinstrument.so
7fb6e214b000-7fb6e214c000 rw-p 0000a000 08:02 12335996                   /usr/lib/jvm/java-8-openjdk-amd64/jre/lib/amd64/libinstrument.so
7fb6e214c000-7fb6e217a000 r-xp 00000000 08:02 12336001                   /usr/lib/jvm/java-8-openjdk-amd64/jre/lib/amd64/libjava.so
7fb6e217a000-7fb6e2379000 ---p 0002e000 08:02 12336001                   /usr/lib/jvm/java-8-openjdk-amd64/jre/lib/amd64/libjava.so
7fb6e2379000-7fb6e237a000 r--p 0002d000 08:02 12336001                   /usr/lib/jvm/java-8-openjdk-amd64/jre/lib/amd64/libjava.so
7fb6e237a000-7fb6e237c000 rw-p 0002e000 08:02 12336001                   /usr/lib/jvm/java-8-openjdk-amd64/jre/lib/amd64/libjava.so
7fb6e237c000-7fb6e238c000 r-xp 00000000 08:02 12338553                   /usr/lib/jvm/java-8-openjdk-amd64/jre/lib/amd64/libverify.so
7fb6e238c000-7fb6e258b000 ---p 00010000 08:02 12338553                   /usr/lib/jvm/java-8-openjdk-amd64/jre/lib/amd64/libverify.so
7fb6e258b000-7fb6e258d000 r--p 0000f000 08:02 12338553                   /usr/lib/jvm/java-8-openjdk-amd64/jre/lib/amd64/libverify.so
7fb6e258d000-7fb6e258e000 rw-p 00011000 08:02 12338553                   /usr/lib/jvm/java-8-openjdk-amd64/jre/lib/amd64/libverify.so
7fb6e258e000-7fb6e2595000 r-xp 00000000 08:02 11010311                   /lib/x86_64-linux-gnu/librt-2.27.so
7fb6e2595000-7fb6e2794000 ---p 00007000 08:02 11010311                   /lib/x86_64-linux-gnu/librt-2.27.so
7fb6e2794000-7fb6e2795000 r--p 00006000 08:02 11010311                   /lib/x86_64-linux-gnu/librt-2.27.so
7fb6e2795000-7fb6e2796000 rw-p 00007000 08:02 11010311                   /lib/x86_64-linux-gnu/librt-2.27.so
7fb6e2796000-7fb6e27ad000 r-xp 00000000 08:02 11010355                   /lib/x86_64-linux-gnu/libgcc_s.so.1
7fb6e27ad000-7fb6e29ac000 ---p 00017000 08:02 11010355                   /lib/x86_64-linux-gnu/libgcc_s.so.1
7fb6e29ac000-7fb6e29ad000 r--p 00016000 08:02 11010355                   /lib/x86_64-linux-gnu/libgcc_s.so.1
7fb6e29ad000-7fb6e29ae000 rw-p 00017000 08:02 11010355                   /lib/x86_64-linux-gnu/libgcc_s.so.1
7fb6e29ae000-7fb6e2b4b000 r-xp 00000000 08:02 11010298                   /lib/x86_64-linux-gnu/libm-2.27.so
7fb6e2b4b000-7fb6e2d4a000 ---p 0019d000 08:02 11010298                   /lib/x86_64-linux-gnu/libm-2.27.so
7fb6e2d4a000-7fb6e2d4b000 r--p 0019c000 08:02 11010298                   /lib/x86_64-linux-gnu/libm-2.27.so
7fb6e2d4b000-7fb6e2d4c000 rw-p 0019d000 08:02 11010298                   /lib/x86_64-linux-gnu/libm-2.27.so
7fb6e2d4c000-7fb6e2ec5000 r-xp 00000000 08:02 12331658                   /usr/lib/x86_64-linux-gnu/libstdc++.so.6.0.25
7fb6e2ec5000-7fb6e30c5000 ---p 00179000 08:02 12331658                   /usr/lib/x86_64-linux-gnu/libstdc++.so.6.0.25
7fb6e30c5000-7fb6e30cf000 r--p 00179000 08:02 12331658                   /usr/lib/x86_64-linux-gnu/libstdc++.so.6.0.25
7fb6e30cf000-7fb6e30d1000 rw-p 00183000 08:02 12331658                   /usr/lib/x86_64-linux-gnu/libstdc++.so.6.0.25
7fb6e30d1000-7fb6e30d5000 rw-p 00000000 00:00 0 
7fb6e30d5000-7fb6e3d6f000 r-xp 00000000 08:02 12338556                   /usr/lib/jvm/java-8-openjdk-amd64/jre/lib/amd64/server/libjvm.so
7fb6e3d6f000-7fb6e3f6e000 ---p 00c9a000 08:02 12338556                   /usr/lib/jvm/java-8-openjdk-amd64/jre/lib/amd64/server/libjvm.so
7fb6e3f6e000-7fb6e4002000 r--p 00c99000 08:02 12338556                   /usr/lib/jvm/java-8-openjdk-amd64/jre/lib/amd64/server/libjvm.so
7fb6e4002000-7fb6e402b000 rw-p 00d2d000 08:02 12338556                   /usr/lib/jvm/java-8-openjdk-amd64/jre/lib/amd64/server/libjvm.so
7fb6e402b000-7fb6e405b000 rw-p 00000000 00:00 0 
7fb6e405b000-7fb6e4075000 r-xp 00000000 08:02 11010309                   /lib/x86_64-linux-gnu/libpthread-2.27.so
7fb6e4075000-7fb6e4274000 ---p 0001a000 08:02 11010309                   /lib/x86_64-linux-gnu/libpthread-2.27.so
7fb6e4274000-7fb6e4275000 r--p 00019000 08:02 11010309                   /lib/x86_64-linux-gnu/libpthread-2.27.so
7fb6e4275000-7fb6e4276000 rw-p 0001a000 08:02 11010309                   /lib/x86_64-linux-gnu/libpthread-2.27.so
7fb6e4276000-7fb6e427a000 rw-p 00000000 00:00 0 
7fb6e427a000-7fb6e427d000 r-xp 00000000 08:02 11010297                   /lib/x86_64-linux-gnu/libdl-2.27.so
7fb6e427d000-7fb6e447c000 ---p 00003000 08:02 11010297                   /lib/x86_64-linux-gnu/libdl-2.27.so
7fb6e447c000-7fb6e447d000 r--p 00002000 08:02 11010297                   /lib/x86_64-linux-gnu/libdl-2.27.so
7fb6e447d000-7fb6e447e000 rw-p 00003000 08:02 11010297                   /lib/x86_64-linux-gnu/libdl-2.27.so
7fb6e447e000-7fb6e449a000 r-xp 00000000 08:02 11010339                   /lib/x86_64-linux-gnu/libz.so.1.2.11
7fb6e449a000-7fb6e4699000 ---p 0001c000 08:02 11010339                   /lib/x86_64-linux-gnu/libz.so.1.2.11
7fb6e4699000-7fb6e469a000 r--p 0001b000 08:02 11010339                   /lib/x86_64-linux-gnu/libz.so.1.2.11
7fb6e469a000-7fb6e469b000 rw-p 0001c000 08:02 11010339                   /lib/x86_64-linux-gnu/libz.so.1.2.11
7fb6e469b000-7fb6e4882000 r-xp 00000000 08:02 11010294                   /lib/x86_64-linux-gnu/libc-2.27.so
7fb6e4882000-7fb6e4a82000 ---p 001e7000 08:02 11010294                   /lib/x86_64-linux-gnu/libc-2.27.so
7fb6e4a82000-7fb6e4a86000 r--p 001e7000 08:02 11010294                   /lib/x86_64-linux-gnu/libc-2.27.so
7fb6e4a86000-7fb6e4a88000 rw-p 001eb000 08:02 11010294                   /lib/x86_64-linux-gnu/libc-2.27.so
7fb6e4a88000-7fb6e4a8c000 rw-p 00000000 00:00 0 
7fb6e4a8c000-7fb6e4a9a000 r-xp 00000000 08:02 12335987                   /usr/lib/jvm/java-8-openjdk-amd64/jre/lib/amd64/jli/libjli.so
7fb6e4a9a000-7fb6e4c99000 ---p 0000e000 08:02 12335987                   /usr/lib/jvm/java-8-openjdk-amd64/jre/lib/amd64/jli/libjli.so
7fb6e4c99000-7fb6e4c9a000 r--p 0000d000 08:02 12335987                   /usr/lib/jvm/java-8-openjdk-amd64/jre/lib/amd64/jli/libjli.so
7fb6e4c9a000-7fb6e4c9b000 rw-p 0000e000 08:02 12335987                   /usr/lib/jvm/java-8-openjdk-amd64/jre/lib/amd64/jli/libjli.so
7fb6e4c9b000-7fb6e4cc2000 r-xp 00000000 08:02 11010290                   /lib/x86_64-linux-gnu/ld-2.27.so
7fb6e4cc4000-7fb6e4cc6000 r--s 0001a000 08:02 4333877                    /home/someusername/.local/share/JetBrains/Toolbox/apps/IDEA-U/ch-0/183.5153.38/lib/idea_rt.jar
7fb6e4cc6000-7fb6e4ccb000 r--s 000a0000 08:02 12338586                   /usr/lib/jvm/java-8-openjdk-amd64/jre/lib/jsse.jar
7fb6e4ccb000-7fb6e4ccd000 r--s 00016000 08:02 12338584                   /usr/lib/jvm/java-8-openjdk-amd64/jre/lib/jce.jar
7fb6e4ccd000-7fb6e4cd2000 r--s 002f9000 08:02 12338557                   /usr/lib/jvm/java-8-openjdk-amd64/jre/lib/charsets.jar
7fb6e4cd2000-7fb6e4ced000 r--s 00394000 08:02 12338565                   /usr/lib/jvm/java-8-openjdk-amd64/jre/lib/ext/cldrdata.jar
7fb6e4ced000-7fb6e4d08000 r--s 001d6000 08:02 12338570                   /usr/lib/jvm/java-8-openjdk-amd64/jre/lib/ext/nashorn.jar
7fb6e4d08000-7fb6e4d94000 rw-p 00000000 00:00 0 
7fb6e4d94000-7fb6e4d95000 ---p 00000000 00:00 0 
7fb6e4d95000-7fb6e4d98000 ---p 00000000 00:00 0 
7fb6e4d98000-7fb6e4e97000 rw-p 00000000 00:00 0 
7fb6e4e97000-7fb6e4e98000 r--s 00000000 08:02 12338588                   /usr/lib/jvm/java-8-openjdk-amd64/jre/lib/management-agent.jar
7fb6e4e98000-7fb6e4e9b000 r--s 0000f000 08:02 12338567                   /usr/lib/jvm/java-8-openjdk-amd64/jre/lib/ext/icedtea-sound.jar
7fb6e4e9b000-7fb6e4e9d000 r--s 00007000 08:02 12858057                   /usr/share/java/java-atk-wrapper.jar
7fb6e4e9d000-7fb6e4e9f000 r--s 00001000 08:02 12338566                   /usr/lib/jvm/java-8-openjdk-amd64/jre/lib/ext/dnsns.jar
7fb6e4e9f000-7fb6e4ea0000 r--s 0000a000 08:02 12338568                   /usr/lib/jvm/java-8-openjdk-amd64/jre/lib/ext/jaccess.jar
7fb6e4ea0000-7fb6e4ea6000 r--s 0003b000 08:02 12338572                   /usr/lib/jvm/java-8-openjdk-amd64/jre/lib/ext/sunjce_provider.jar
7fb6e4ea6000-7fb6e4ea9000 r--s 00038000 08:02 12338573                   /usr/lib/jvm/java-8-openjdk-amd64/jre/lib/ext/sunpkcs11.jar
7fb6e4ea9000-7fb6e4eb3000 r--s 00116000 08:02 12338569                   /usr/lib/jvm/java-8-openjdk-amd64/jre/lib/ext/localedata.jar
7fb6e4eb3000-7fb6e4eb5000 r--s 00008000 08:02 12338571                   /usr/lib/jvm/java-8-openjdk-amd64/jre/lib/ext/sunec.jar
7fb6e4eb5000-7fb6e4eb6000 r--s 00010000 08:02 12338574                   /usr/lib/jvm/java-8-openjdk-amd64/jre/lib/ext/zipfs.jar
7fb6e4eb6000-7fb6e4ebe000 rw-s 00000000 08:02 9961582                    /tmp/hsperfdata_someusername/20204
7fb6e4ebe000-7fb6e4ebf000 rw-p 00000000 00:00 0 
7fb6e4ebf000-7fb6e4ec0000 ---p 00000000 00:00 0 
7fb6e4ec0000-7fb6e4ec2000 rw-p 00000000 00:00 0 
7fb6e4ec2000-7fb6e4ec3000 r--p 00027000 08:02 11010290                   /lib/x86_64-linux-gnu/ld-2.27.so
7fb6e4ec3000-7fb6e4ec4000 rw-p 00028000 08:02 11010290                   /lib/x86_64-linux-gnu/ld-2.27.so
7fb6e4ec4000-7fb6e4ec5000 rw-p 00000000 00:00 0 
7ffee8b11000-7ffee8b32000 rw-p 00000000 00:00 0                          [stack]
7ffee8bd9000-7ffee8bdc000 r--p 00000000 00:00 0                          [vvar]
7ffee8bdc000-7ffee8bde000 r-xp 00000000 00:00 0                          [vdso]
ffffffffff600000-ffffffffff601000 r-xp 00000000 00:00 0                  [vsyscall]

VM Arguments:
jvm_args: -Xms4g -Xmx7g -javaagent:/home/someusername/.local/share/JetBrains/Toolbox/apps/IDEA-U/ch-0/183.5153.38/lib/idea_rt.jar=39503:/home/someusername/.local/share/JetBrains/Toolbox/apps/IDEA-U/ch-0/183.5153.38/bin -Dfile.encoding=UTF-8 
java_command: Main
java_class_path (initial): /usr/lib/jvm/java-8-openjdk-amd64/jre/lib/charsets.jar:/usr/lib/jvm/java-8-openjdk-amd64/jre/lib/ext/cldrdata.jar:/usr/lib/jvm/java-8-openjdk-amd64/jre/lib/ext/dnsns.jar:/usr/lib/jvm/java-8-openjdk-amd64/jre/lib/ext/icedtea-sound.jar:/usr/lib/jvm/java-8-openjdk-amd64/jre/lib/ext/jaccess.jar:/usr/lib/jvm/java-8-openjdk-amd64/jre/lib/ext/java-atk-wrapper.jar:/usr/lib/jvm/java-8-openjdk-amd64/jre/lib/ext/localedata.jar:/usr/lib/jvm/java-8-openjdk-amd64/jre/lib/ext/nashorn.jar:/usr/lib/jvm/java-8-openjdk-amd64/jre/lib/ext/sunec.jar:/usr/lib/jvm/java-8-openjdk-amd64/jre/lib/ext/sunjce_provider.jar:/usr/lib/jvm/java-8-openjdk-amd64/jre/lib/ext/sunpkcs11.jar:/usr/lib/jvm/java-8-openjdk-amd64/jre/lib/ext/zipfs.jar:/usr/lib/jvm/java-8-openjdk-amd64/jre/lib/jce.jar:/usr/lib/jvm/java-8-openjdk-amd64/jre/lib/jsse.jar:/usr/lib/jvm/java-8-openjdk-amd64/jre/lib/management-agent.jar:/usr/lib/jvm/java-8-openjdk-amd64/jre/lib/resources.jar:/usr/lib/jvm/java-8-openjdk-amd64/jre/lib/rt.jar:/home/someusername/snap/nextcloud-client/10/Nextcloud/workspace/uni/8/bachelor_project/out/production/classes:/home/someusername/.gradle/caches/modules-2/files-2.1/org.codehaus.groovy/groovy-all/2.3.11/f6b34997d04c1538ce451d3955298f46fdb4dbd4/groovy-all-2.3.11.jar:/home/someusername/.local/share/JetBrains/Toolbox/apps/IDEA-U/ch-0/183.5153.38/lib/idea_rt.jar
Launcher Type: SUN_STANDARD

Environment Variables:
PATH=/usr/local/sbin:/usr/local/bin:/usr/sbin:/usr/bin:/sbin:/bin:/usr/games:/usr/local/games
SHELL=/usr/bin/zsh
DISPLAY=:0

Signal Handlers:
SIGSEGV: [libjvm.so+0xab2ea0], sa_mask[0]=11111111011111111101111111111110, sa_flags=SA_RESTART|SA_SIGINFO
SIGBUS: [libjvm.so+0xab2ea0], sa_mask[0]=11111111011111111101111111111110, sa_flags=SA_RESTART|SA_SIGINFO
SIGFPE: [libjvm.so+0x8e87b0], sa_mask[0]=11111111011111111101111111111110, sa_flags=SA_RESTART|SA_SIGINFO
SIGPIPE: [libjvm.so+0x8e87b0], sa_mask[0]=11111111011111111101111111111110, sa_flags=SA_RESTART|SA_SIGINFO
SIGXFSZ: [libjvm.so+0x8e87b0], sa_mask[0]=11111111011111111101111111111110, sa_flags=SA_RESTART|SA_SIGINFO
SIGILL: [libjvm.so+0x8e87b0], sa_mask[0]=11111111011111111101111111111110, sa_flags=SA_RESTART|SA_SIGINFO
SIGUSR1: SIG_DFL, sa_mask[0]=00000000000000000000000000000000, sa_flags=none
SIGUSR2: [libjvm.so+0x8e8660], sa_mask[0]=00100000000000000000000000000000, sa_flags=SA_RESTART|SA_SIGINFO
SIGHUP: [libjvm.so+0x8e8cd0], sa_mask[0]=11111111011111111101111111111110, sa_flags=SA_RESTART|SA_SIGINFO
SIGINT: [libjvm.so+0x8e8cd0], sa_mask[0]=11111111011111111101111111111110, sa_flags=SA_RESTART|SA_SIGINFO
SIGTERM: [libjvm.so+0x8e8cd0], sa_mask[0]=11111111011111111101111111111110, sa_flags=SA_RESTART|SA_SIGINFO
SIGQUIT: [libjvm.so+0x8e8cd0], sa_mask[0]=11111111011111111101111111111110, sa_flags=SA_RESTART|SA_SIGINFO


---------------  S Y S T E M  ---------------

OS:DISTRIB_ID=Ubuntu
DISTRIB_RELEASE=18.04
DISTRIB_CODENAME=bionic
DISTRIB_DESCRIPTION="Ubuntu 18.04.1 LTS"

uname:Linux 4.15.0-47-generic #50-Ubuntu SMP Wed Mar 13 10:44:52 UTC 2019 x86_64
libc:glibc 2.27 NPTL 2.27 
rlimit: STACK 8192k, CORE 0k, NPROC 30499, NOFILE 65536, AS infinity
load average:1,45 0,78 0,74

/proc/meminfo:
MemTotal:        8104076 kB
MemFree:          119740 kB
MemAvailable:      26184 kB
Buffers:            1904 kB
Cached:            30816 kB
SwapCached:        34308 kB
Active:          6660300 kB
Inactive:         841996 kB
Active(anon):    6649432 kB
Inactive(anon):   831128 kB
Active(file):      10868 kB
Inactive(file):    10868 kB
Unevictable:           0 kB
Mlocked:               0 kB
SwapTotal:       1000444 kB
SwapFree:         267772 kB
Dirty:               148 kB
Writeback:             0 kB
AnonPages:       7435804 kB
Mapped:           170416 kB
Shmem:             10620 kB
Slab:             169652 kB
SReclaimable:      60720 kB
SUnreclaim:       108932 kB
KernelStack:       12880 kB
PageTables:        67356 kB
NFS_Unstable:          0 kB
Bounce:                0 kB
WritebackTmp:          0 kB
CommitLimit:     5052480 kB
Committed_AS:   12427216 kB
VmallocTotal:   34359738367 kB
VmallocUsed:           0 kB
VmallocChunk:          0 kB
HardwareCorrupted:     0 kB
AnonHugePages:         0 kB
ShmemHugePages:        0 kB
ShmemPmdMapped:        0 kB
CmaTotal:              0 kB
CmaFree:               0 kB
HugePages_Total:       0
HugePages_Free:        0
HugePages_Rsvd:        0
HugePages_Surp:        0
Hugepagesize:       2048 kB
DirectMap4k:      520252 kB
DirectMap2M:     7806976 kB
DirectMap1G:     1048576 kB

container (cgroup) information:
container_type: cgroupv1
cpu_cpuset_cpus: 0-7
cpu_memory_nodes: 0
active_processor_count: 8
cpu_quota: -1
cpu_period: 100000
cpu_shares: -1
memory_limit_in_bytes: -1
memory_and_swap_limit_in_bytes: -2
memory_soft_limit_in_bytes: -1
memory_usage_in_bytes: 7682752512
memory_max_usage_in_bytes: 0


CPU:total 8 (initial active 8) (4 cores per cpu, 2 threads per core) family 6 model 60 stepping 3, cmov, cx8, fxsr, mmx, sse, sse2, sse3, ssse3, sse4.1, sse4.2, popcnt, avx, avx2, aes, clmul, erms, lzcnt, ht, tsc, tscinvbit, bmi1, bmi2

/proc/cpuinfo:
processor	: 0
vendor_id	: GenuineIntel
cpu family	: 6
model		: 60
model name	: Intel(R) Core(TM) i7-4790K CPU @ 4.00GHz
stepping	: 3
microcode	: 0x25
cpu MHz		: 4298.033
cache size	: 8192 KB
physical id	: 0
siblings	: 8
core id		: 0
cpu cores	: 4
apicid		: 0
initial apicid	: 0
fpu		: yes
fpu_exception	: yes
cpuid level	: 13
wp		: yes
flags		: fpu vme de pse tsc msr pae mce cx8 apic sep mtrr pge mca cmov pat pse36 clflush dts acpi mmx fxsr sse sse2 ss ht tm pbe syscall nx pdpe1gb rdtscp lm constant_tsc arch_perfmon pebs bts rep_good nopl xtopology nonstop_tsc cpuid aperfmperf pni pclmulqdq dtes64 monitor ds_cpl vmx est tm2 ssse3 sdbg fma cx16 xtpr pdcm pcid sse4_1 sse4_2 x2apic movbe popcnt tsc_deadline_timer aes xsave avx f16c rdrand lahf_lm abm cpuid_fault invpcid_single pti ssbd ibrs ibpb stibp tpr_shadow vnmi flexpriority ept vpid fsgsbase tsc_adjust bmi1 avx2 smep bmi2 erms invpcid xsaveopt dtherm ida arat pln pts flush_l1d
bugs		: cpu_meltdown spectre_v1 spectre_v2 spec_store_bypass l1tf
bogomips	: 8000.86
clflush size	: 64
cache_alignment	: 64
address sizes	: 39 bits physical, 48 bits virtual
power management:

processor	: 1
vendor_id	: GenuineIntel
cpu family	: 6
model		: 60
model name	: Intel(R) Core(TM) i7-4790K CPU @ 4.00GHz
stepping	: 3
microcode	: 0x25
cpu MHz		: 4351.239
cache size	: 8192 KB
physical id	: 0
siblings	: 8
core id		: 1
cpu cores	: 4
apicid		: 2
initial apicid	: 2
fpu		: yes
fpu_exception	: yes
cpuid level	: 13
wp		: yes
flags		: fpu vme de pse tsc msr pae mce cx8 apic sep mtrr pge mca cmov pat pse36 clflush dts acpi mmx fxsr sse sse2 ss ht tm pbe syscall nx pdpe1gb rdtscp lm constant_tsc arch_perfmon pebs bts rep_good nopl xtopology nonstop_tsc cpuid aperfmperf pni pclmulqdq dtes64 monitor ds_cpl vmx est tm2 ssse3 sdbg fma cx16 xtpr pdcm pcid sse4_1 sse4_2 x2apic movbe popcnt tsc_deadline_timer aes xsave avx f16c rdrand lahf_lm abm cpuid_fault invpcid_single pti ssbd ibrs ibpb stibp tpr_shadow vnmi flexpriority ept vpid fsgsbase tsc_adjust bmi1 avx2 smep bmi2 erms invpcid xsaveopt dtherm ida arat pln pts flush_l1d
bugs		: cpu_meltdown spectre_v1 spectre_v2 spec_store_bypass l1tf
bogomips	: 8000.86
clflush size	: 64
cache_alignment	: 64
address sizes	: 39 bits physical, 48 bits virtual
power management:

processor	: 2
vendor_id	: GenuineIntel
cpu family	: 6
model		: 60
model name	: Intel(R) Core(TM) i7-4790K CPU @ 4.00GHz
stepping	: 3
microcode	: 0x25
cpu MHz		: 4345.703
cache size	: 8192 KB
physical id	: 0
siblings	: 8
core id		: 2
cpu cores	: 4
apicid		: 4
initial apicid	: 4
fpu		: yes
fpu_exception	: yes
cpuid level	: 13
wp		: yes
flags		: fpu vme de pse tsc msr pae mce cx8 apic sep mtrr pge mca cmov pat pse36 clflush dts acpi mmx fxsr sse sse2 ss ht tm pbe syscall nx pdpe1gb rdtscp lm constant_tsc arch_perfmon pebs bts rep_good nopl xtopology nonstop_tsc cpuid aperfmperf pni pclmulqdq dtes64 monitor ds_cpl vmx est tm2 ssse3 sdbg fma cx16 xtpr pdcm pcid sse4_1 sse4_2 x2apic movbe popcnt tsc_deadline_timer aes xsave avx f16c rdrand lahf_lm abm cpuid_fault invpcid_single pti ssbd ibrs ibpb stibp tpr_shadow vnmi flexpriority ept vpid fsgsbase tsc_adjust bmi1 avx2 smep bmi2 erms invpcid xsaveopt dtherm ida arat pln pts flush_l1d
bugs		: cpu_meltdown spectre_v1 spectre_v2 spec_store_bypass l1tf
bogomips	: 8000.86
clflush size	: 64
cache_alignment	: 64
address sizes	: 39 bits physical, 48 bits virtual
power management:

processor	: 3
vendor_id	: GenuineIntel
cpu family	: 6
model		: 60
model name	: Intel(R) Core(TM) i7-4790K CPU @ 4.00GHz
stepping	: 3
microcode	: 0x25
cpu MHz		: 4357.951
cache size	: 8192 KB
physical id	: 0
siblings	: 8
core id		: 3
cpu cores	: 4
apicid		: 6
initial apicid	: 6
fpu		: yes
fpu_exception	: yes
cpuid level	: 13
wp		: yes
flags		: fpu vme de pse tsc msr pae mce cx8 apic sep mtrr pge mca cmov pat pse36 clflush dts acpi mmx fxsr sse sse2 ss ht tm pbe syscall nx pdpe1gb rdtscp lm constant_tsc arch_perfmon pebs bts rep_good nopl xtopology nonstop_tsc cpuid aperfmperf pni pclmulqdq dtes64 monitor ds_cpl vmx est tm2 ssse3 sdbg fma cx16 xtpr pdcm pcid sse4_1 sse4_2 x2apic movbe popcnt tsc_deadline_timer aes xsave avx f16c rdrand lahf_lm abm cpuid_fault invpcid_single pti ssbd ibrs ibpb stibp tpr_shadow vnmi flexpriority ept vpid fsgsbase tsc_adjust bmi1 avx2 smep bmi2 erms invpcid xsaveopt dtherm ida arat pln pts flush_l1d
bugs		: cpu_meltdown spectre_v1 spectre_v2 spec_store_bypass l1tf
bogomips	: 8000.86
clflush size	: 64
cache_alignment	: 64
address sizes	: 39 bits physical, 48 bits virtual
power management:

processor	: 4
vendor_id	: GenuineIntel
cpu family	: 6
model		: 60
model name	: Intel(R) Core(TM) i7-4790K CPU @ 4.00GHz
stepping	: 3
microcode	: 0x25
cpu MHz		: 4394.108
cache size	: 8192 KB
physical id	: 0
siblings	: 8
core id		: 0
cpu cores	: 4
apicid		: 1
initial apicid	: 1
fpu		: yes
fpu_exception	: yes
cpuid level	: 13
wp		: yes
flags		: fpu vme de pse tsc msr pae mce cx8 apic sep mtrr pge mca cmov pat pse36 clflush dts acpi mmx fxsr sse sse2 ss ht tm pbe syscall nx pdpe1gb rdtscp lm constant_tsc arch_perfmon pebs bts rep_good nopl xtopology nonstop_tsc cpuid aperfmperf pni pclmulqdq dtes64 monitor ds_cpl vmx est tm2 ssse3 sdbg fma cx16 xtpr pdcm pcid sse4_1 sse4_2 x2apic movbe popcnt tsc_deadline_timer aes xsave avx f16c rdrand lahf_lm abm cpuid_fault invpcid_single pti ssbd ibrs ibpb stibp tpr_shadow vnmi flexpriority ept vpid fsgsbase tsc_adjust bmi1 avx2 smep bmi2 erms invpcid xsaveopt dtherm ida arat pln pts flush_l1d
bugs		: cpu_meltdown spectre_v1 spectre_v2 spec_store_bypass l1tf
bogomips	: 8000.86
clflush size	: 64
cache_alignment	: 64
address sizes	: 39 bits physical, 48 bits virtual
power management:

processor	: 5
vendor_id	: GenuineIntel
cpu family	: 6
model		: 60
model name	: Intel(R) Core(TM) i7-4790K CPU @ 4.00GHz
stepping	: 3
microcode	: 0x25
cpu MHz		: 4246.860
cache size	: 8192 KB
physical id	: 0
siblings	: 8
core id		: 1
cpu cores	: 4
apicid		: 3
initial apicid	: 3
fpu		: yes
fpu_exception	: yes
cpuid level	: 13
wp		: yes
flags		: fpu vme de pse tsc msr pae mce cx8 apic sep mtrr pge mca cmov pat pse36 clflush dts acpi mmx fxsr sse sse2 ss ht tm pbe syscall nx pdpe1gb rdtscp lm constant_tsc arch_perfmon pebs bts rep_good nopl xtopology nonstop_tsc cpuid aperfmperf pni pclmulqdq dtes64 monitor ds_cpl vmx est tm2 ssse3 sdbg fma cx16 xtpr pdcm pcid sse4_1 sse4_2 x2apic movbe popcnt tsc_deadline_timer aes xsave avx f16c rdrand lahf_lm abm cpuid_fault invpcid_single pti ssbd ibrs ibpb stibp tpr_shadow vnmi flexpriority ept vpid fsgsbase tsc_adjust bmi1 avx2 smep bmi2 erms invpcid xsaveopt dtherm ida arat pln pts flush_l1d
bugs		: cpu_meltdown spectre_v1 spectre_v2 spec_store_bypass l1tf
bogomips	: 8000.86
clflush size	: 64
cache_alignment	: 64
address sizes	: 39 bits physical, 48 bits virtual
power management:

processor	: 6
vendor_id	: GenuineIntel
cpu family	: 6
model		: 60
model name	: Intel(R) Core(TM) i7-4790K CPU @ 4.00GHz
stepping	: 3
microcode	: 0x25
cpu MHz		: 4251.446
cache size	: 8192 KB
physical id	: 0
siblings	: 8
core id		: 2
cpu cores	: 4
apicid		: 5
initial apicid	: 5
fpu		: yes
fpu_exception	: yes
cpuid level	: 13
wp		: yes
flags		: fpu vme de pse tsc msr pae mce cx8 apic sep mtrr pge mca cmov pat pse36 clflush dts acpi mmx fxsr sse sse2 ss ht tm pbe syscall nx pdpe1gb rdtscp lm constant_tsc arch_perfmon pebs bts rep_good nopl xtopology nonstop_tsc cpuid aperfmperf pni pclmulqdq dtes64 monitor ds_cpl vmx est tm2 ssse3 sdbg fma cx16 xtpr pdcm pcid sse4_1 sse4_2 x2apic movbe popcnt tsc_deadline_timer aes xsave avx f16c rdrand lahf_lm abm cpuid_fault invpcid_single pti ssbd ibrs ibpb stibp tpr_shadow vnmi flexpriority ept vpid fsgsbase tsc_adjust bmi1 avx2 smep bmi2 erms invpcid xsaveopt dtherm ida arat pln pts flush_l1d
bugs		: cpu_meltdown spectre_v1 spectre_v2 spec_store_bypass l1tf
bogomips	: 8000.86
clflush size	: 64
cache_alignment	: 64
address sizes	: 39 bits physical, 48 bits virtual
power management:

processor	: 7
vendor_id	: GenuineIntel
cpu family	: 6
model		: 60
model name	: Intel(R) Core(TM) i7-4790K CPU @ 4.00GHz
stepping	: 3
microcode	: 0x25
cpu MHz		: 4237.100
cache size	: 8192 KB
physical id	: 0
siblings	: 8
core id		: 3
cpu cores	: 4
apicid		: 7
initial apicid	: 7
fpu		: yes
fpu_exception	: yes
cpuid level	: 13
wp		: yes
flags		: fpu vme de pse tsc msr pae mce cx8 apic sep mtrr pge mca cmov pat pse36 clflush dts acpi mmx fxsr sse sse2 ss ht tm pbe syscall nx pdpe1gb rdtscp lm constant_tsc arch_perfmon pebs bts rep_good nopl xtopology nonstop_tsc cpuid aperfmperf pni pclmulqdq dtes64 monitor ds_cpl vmx est tm2 ssse3 sdbg fma cx16 xtpr pdcm pcid sse4_1 sse4_2 x2apic movbe popcnt tsc_deadline_timer aes xsave avx f16c rdrand lahf_lm abm cpuid_fault invpcid_single pti ssbd ibrs ibpb stibp tpr_shadow vnmi flexpriority ept vpid fsgsbase tsc_adjust bmi1 avx2 smep bmi2 erms invpcid xsaveopt dtherm ida arat pln pts flush_l1d
bugs		: cpu_meltdown spectre_v1 spectre_v2 spec_store_bypass l1tf
bogomips	: 8000.86
clflush size	: 64
cache_alignment	: 64
address sizes	: 39 bits physical, 48 bits virtual
power management:



Memory: 4k page, physical 8104076k(125324k free), swap 1000444k(267772k free)

vm_info: OpenJDK 64-Bit Server VM (25.191-b12) for linux-amd64 JRE (1.8.0_191-8u191-b12-2ubuntu0.18.04.1-b12), built on Jan 14 2019 21:02:00 by "buildd" with gcc 7.3.0

time: Mon Apr 15 22:27:12 2019
elapsed time: 60 seconds (0d 0h 1m 0s)

