Dataset.SYNTHETIC, SingleLinkage, 0, 243.0, 243, 0.6909337043762207
Dataset.SYNTHETIC, OPTICS, 0, 81.0, 243, 0.16085457801818848
Dataset.SYNTHETIC, KMeansWrapper, 0, 108.0, 243, 0.1114664077758789
Dataset.SYNTHETIC, DBSCAN, 0, 81.0, 243, 0.14267182350158691
Dataset.SYNTHETIC, RobustSingleLinkage, 0, 0.0, 243, 0.17909026145935059
Dataset.SYNTHETIC, HDBSCAN, 0, 81.0, 243, 0.1099855899810791
Dataset.SYNTHETIC, TTSASWrapper, 0, 108.0, 243, 0.06733584403991699
Dataset.SYNTHETIC, Trestle, 0, 3.0, 243, 1.0574045181274414
Dataset.SYNTHETIC, SingleLinkage, 0.05, 246.0, 243, 0.7022535800933838
Dataset.SYNTHETIC, OPTICS, 0.05, 84.0, 243, 0.16115880012512207
Dataset.SYNTHETIC, KMeansWrapper, 0.05, 108.0, 243, 0.16060209274291992
Dataset.SYNTHETIC, DBSCAN, 0.05, 84.0, 243, 0.15735244750976562
Dataset.SYNTHETIC, RobustSingleLinkage, 0.05, 72.0, 243, 0.11134219169616699
Dataset.SYNTHETIC, HDBSCAN, 0.05, 80.0, 243, 0.09275269508361816
Dataset.SYNTHETIC, TTSASWrapper, 0.05, 96.0, 243, 0.08609533309936523
Dataset.NOISY_SYNTHETIC, Trestle, 0.05, 28.0, 243, 1.1967394351959229
Dataset.SYNTHETIC, SingleLinkage, 0.1, 239.0, 243, 0.7010507583618164
Dataset.SYNTHETIC, OPTICS, 0.1, 81.0, 243, 0.1572284698486328
Dataset.SYNTHETIC, KMeansWrapper, 0.1, 110.0, 243, 0.11258268356323242
Dataset.SYNTHETIC, DBSCAN, 0.1, 81.0, 243, 0.1323871612548828
Dataset.SYNTHETIC, RobustSingleLinkage, 0.1, 78.0, 243, 0.11099004745483398
Dataset.SYNTHETIC, HDBSCAN, 0.1, 84.0, 243, 0.10251522064208984
Dataset.SYNTHETIC, TTSASWrapper, 0.1, 99.0, 243, 0.07936835289001465
Dataset.NOISY_SYNTHETIC, Trestle, 0.1, 36.0, 243, 1.1808407306671143
Dataset.SYNTHETIC, SingleLinkage, 0.2, 236.0, 243, 0.7077009677886963
Dataset.SYNTHETIC, OPTICS, 0.2, 83.0, 243, 0.1401216983795166
Dataset.SYNTHETIC, KMeansWrapper, 0.2, 112.0, 243, 0.2093813419342041
Dataset.SYNTHETIC, DBSCAN, 0.2, 83.0, 243, 0.17368316650390625
Dataset.SYNTHETIC, RobustSingleLinkage, 0.2, 75.0, 243, 0.10098028182983398
Dataset.SYNTHETIC, HDBSCAN, 0.2, 82.0, 243, 0.09990429878234863
Dataset.SYNTHETIC, TTSASWrapper, 0.2, 86.0, 243, 0.12037301063537598
Dataset.NOISY_SYNTHETIC, Trestle, 0.2, 69.0, 243, 1.2695908546447754
Dataset.SYNTHETIC, SingleLinkage, 0.33, 236.0, 243, 0.7071139812469482
Dataset.SYNTHETIC, OPTICS, 0.33, 89.0, 243, 0.12668299674987793
Dataset.SYNTHETIC, KMeansWrapper, 0.33, 117.0, 243, 0.04580998420715332
Dataset.SYNTHETIC, DBSCAN, 0.33, 87.0, 243, 0.2327415943145752
Dataset.SYNTHETIC, RobustSingleLinkage, 0.33, 103.0, 243, 0.10116720199584961
Dataset.SYNTHETIC, HDBSCAN, 0.33, 86.0, 243, 0.09805083274841309
Dataset.SYNTHETIC, TTSASWrapper, 0.33, 71.0, 243, 0.15347695350646973
Dataset.NOISY_SYNTHETIC, Trestle, 0.33, 140.0, 243, 1.5224697589874268
Dataset.SYNTHETIC, SingleLinkage, 0, 512.0, 512, 3.052539587020874
Dataset.SYNTHETIC, OPTICS, 0, 0.0, 512, 0.361767053604126
Dataset.SYNTHETIC, KMeansWrapper, 0, 65.0, 512, 0.3251774311065674
Dataset.SYNTHETIC, DBSCAN, 0, 0.0, 512, 0.17924284934997559
Dataset.SYNTHETIC, RobustSingleLinkage, 0, 0.0, 512, 0.2555575370788574
Dataset.SYNTHETIC, HDBSCAN, 0, 0.0, 512, 0.27075743675231934
Dataset.SYNTHETIC, TTSASWrapper, 0, 64.0, 512, 0.09452080726623535
Dataset.SYNTHETIC, Trestle, 0, 0.0, 512, 0.9427988529205322
Dataset.SYNTHETIC, SingleLinkage, 0.05, 506.0, 512, 3.072321891784668
Dataset.SYNTHETIC, OPTICS, 0.05, 1.0, 512, 0.3590216636657715
Dataset.SYNTHETIC, KMeansWrapper, 0.05, 62.0, 512, 0.2308192253112793
Dataset.SYNTHETIC, DBSCAN, 0.05, 9.0, 512, 0.1706531047821045
Dataset.SYNTHETIC, RobustSingleLinkage, 0.05, 5.0, 512, 0.26415276527404785
Dataset.SYNTHETIC, HDBSCAN, 0.05, 3.0, 512, 0.26752281188964844
Dataset.SYNTHETIC, TTSASWrapper, 0.05, 58.0, 512, 0.12398672103881836
Dataset.NOISY_SYNTHETIC, Trestle, 0.05, 44.0, 512, 1.1806628704071045
Dataset.SYNTHETIC, SingleLinkage, 0.1, 508.0, 512, 3.0093300342559814
Dataset.SYNTHETIC, OPTICS, 0.1, 1.0, 512, 0.36390089988708496
Dataset.SYNTHETIC, KMeansWrapper, 0.1, 64.0, 512, 0.4900529384613037
Dataset.SYNTHETIC, DBSCAN, 0.1, 9.0, 512, 0.16965508460998535
Dataset.SYNTHETIC, RobustSingleLinkage, 0.1, 2.0, 512, 0.2684597969055176
Dataset.SYNTHETIC, HDBSCAN, 0.1, 3.0, 512, 0.28924131393432617
Dataset.SYNTHETIC, TTSASWrapper, 0.1, 52.0, 512, 0.15502142906188965
Dataset.NOISY_SYNTHETIC, Trestle, 0.1, 77.0, 512, 1.2432775497436523
Dataset.SYNTHETIC, SingleLinkage, 0.2, 514.0, 512, 3.0319366455078125
Dataset.SYNTHETIC, OPTICS, 0.2, 9.0, 512, 0.42903852462768555
Dataset.SYNTHETIC, KMeansWrapper, 0.2, 63.0, 512, 0.6179440021514893
Dataset.SYNTHETIC, DBSCAN, 0.2, 19.0, 512, 0.15184378623962402
Dataset.SYNTHETIC, RobustSingleLinkage, 0.2, 4.0, 512, 0.3408050537109375
Dataset.SYNTHETIC, HDBSCAN, 0.2, 12.0, 512, 0.3391096591949463
Dataset.SYNTHETIC, TTSASWrapper, 0.2, 46.0, 512, 0.1958448886871338
Dataset.NOISY_SYNTHETIC, Trestle, 0.2, 130.0, 512, 1.434316635131836
Dataset.SYNTHETIC, SingleLinkage, 0.33, 522.0, 512, 3.117751359939575
Dataset.SYNTHETIC, OPTICS, 0.33, 24.0, 512, 0.29773855209350586
Dataset.SYNTHETIC, KMeansWrapper, 0.33, 62.0, 512, 0.5814468860626221
Dataset.SYNTHETIC, DBSCAN, 0.33, 32.0, 512, 0.1423342227935791
Dataset.SYNTHETIC, RobustSingleLinkage, 0.33, 12.0, 512, 0.3149559497833252
Dataset.SYNTHETIC, HDBSCAN, 0.33, 25.0, 512, 0.2857706546783447
Dataset.SYNTHETIC, TTSASWrapper, 0.33, 46.0, 512, 0.20194029808044434
Dataset.NOISY_SYNTHETIC, Trestle, 0.33, 202.0, 512, 1.7670650482177734
Dataset.SYNTHETIC, SingleLinkage, 0, 1024.0, 1024, 12.68268609046936
Dataset.SYNTHETIC, OPTICS, 0, 256.0, 1024, 2.388080358505249
Dataset.SYNTHETIC, KMeansWrapper, 0, 322.0, 1024, 0.8210489749908447
Dataset.SYNTHETIC, DBSCAN, 0, 256.0, 1024, 0.2927439212799072
Dataset.SYNTHETIC, RobustSingleLinkage, 0, 0.0, 1024, 5.460613250732422
Dataset.SYNTHETIC, HDBSCAN, 0, 256.0, 1024, 4.366990804672241
Dataset.SYNTHETIC, TTSASWrapper, 0, 320.0, 1024, 0.5461592674255371
Dataset.SYNTHETIC, Trestle, 0, 4.0, 1024, 9.74076771736145
Dataset.SYNTHETIC, SingleLinkage, 0.05, 1020.0, 1024, 13.028121709823608
Dataset.SYNTHETIC, OPTICS, 0.05, 257.0, 1024, 2.167867660522461
Dataset.SYNTHETIC, KMeansWrapper, 0.05, 327.0, 1024, 2.263422727584839
Dataset.SYNTHETIC, DBSCAN, 0.05, 257.0, 1024, 0.2966465950012207
Dataset.SYNTHETIC, RobustSingleLinkage, 0.05, 251.0, 1024, 3.7977919578552246
Dataset.SYNTHETIC, HDBSCAN, 0.05, 254.0, 1024, 3.790945291519165
Dataset.SYNTHETIC, TTSASWrapper, 0.05, 290.0, 1024, 0.8520619869232178
Dataset.NOISY_SYNTHETIC, Trestle, 0.05, 92.0, 1024, 10.936811447143555
Dataset.SYNTHETIC, SingleLinkage, 0.1, 1026.0, 1024, 12.920358419418335
Dataset.SYNTHETIC, OPTICS, 0.1, 253.0, 1024, 2.5074002742767334
Dataset.SYNTHETIC, KMeansWrapper, 0.1, 323.0, 1024, 2.847954511642456
Dataset.SYNTHETIC, DBSCAN, 0.1, 253.0, 1024, 0.3007655143737793
Dataset.SYNTHETIC, RobustSingleLinkage, 0.1, 239.0, 1024, 3.9447195529937744
Dataset.SYNTHETIC, HDBSCAN, 0.1, 254.0, 1024, 3.667567491531372
Dataset.SYNTHETIC, TTSASWrapper, 0.1, 274.0, 1024, 2.022427558898926
Dataset.NOISY_SYNTHETIC, Trestle, 0.1, 172.0, 1024, 11.821974515914917
Dataset.SYNTHETIC, SingleLinkage, 0.2, 1042.0, 1024, 12.876326322555542
Dataset.SYNTHETIC, OPTICS, 0.2, 258.0, 1024, 2.0209414958953857
Dataset.SYNTHETIC, KMeansWrapper, 0.2, 336.0, 1024, 0.5548303127288818
Dataset.SYNTHETIC, DBSCAN, 0.2, 259.0, 1024, 0.2948160171508789
Dataset.SYNTHETIC, RobustSingleLinkage, 0.2, 231.0, 1024, 3.436244010925293
Dataset.SYNTHETIC, HDBSCAN, 0.2, 254.0, 1024, 3.432433605194092
Dataset.SYNTHETIC, TTSASWrapper, 0.2, 238.0, 1024, 1.4290916919708252
Dataset.NOISY_SYNTHETIC, Trestle, 0.2, 326.0, 1024, 13.463134050369263
Dataset.SYNTHETIC, SingleLinkage, 0.33, 1018.0, 1024, 13.060945749282837
Dataset.SYNTHETIC, OPTICS, 0.33, 267.0, 1024, 1.901327133178711
Dataset.SYNTHETIC, KMeansWrapper, 0.33, 330.0, 1024, 4.872005939483643
Dataset.SYNTHETIC, DBSCAN, 0.33, 274.0, 1024, 0.28136301040649414
Dataset.SYNTHETIC, RobustSingleLinkage, 0.33, 275.0, 1024, 3.6805272102355957
Dataset.SYNTHETIC, HDBSCAN, 0.33, 261.0, 1024, 3.2624287605285645
Dataset.SYNTHETIC, TTSASWrapper, 0.33, 202.0, 1024, 1.9885716438293457
Dataset.NOISY_SYNTHETIC, Trestle, 0.33, 506.0, 1024, 14.865360260009766
Dataset.SYNTHETIC, SingleLinkage, 0, 2048.0, 2048, 71.12319207191467
