Dataset.SYNTHETIC, SingleLinkage, 0, 243.0, 243, 0.6818041801452637
Dataset.SYNTHETIC, OPTICS, 0, 81.0, 243, 0.1589674949645996
Dataset.SYNTHETIC, KMeansWrapper, 0, 108.0, 243, 0.1007544994354248
Dataset.SYNTHETIC, DBSCAN, 0, 81.0, 243, 0.15990257263183594
Dataset.SYNTHETIC, RobustSingleLinkage, 0, 81.0, 243, 0.09966206550598145
Dataset.SYNTHETIC, HDBSCAN, 0, 81.0, 243, 0.10934638977050781
Dataset.SYNTHETIC, TTSASWrapper, 0, 108.0, 243, 0.05407547950744629
Dataset.SYNTHETIC, Trestle, 0, 1.0, 243, 1.0609359741210938
Dataset.SYNTHETIC, SingleLinkage, 0.05, 246.0, 243, 0.6861112117767334
Dataset.SYNTHETIC, OPTICS, 0.05, 84.0, 243, 0.1563739776611328
Dataset.SYNTHETIC, KMeansWrapper, 0.05, 109.0, 243, 0.14115047454833984
Dataset.SYNTHETIC, DBSCAN, 0.05, 84.0, 243, 0.21805524826049805
Dataset.SYNTHETIC, RobustSingleLinkage, 0.05, 70.0, 243, 0.10062766075134277
Dataset.SYNTHETIC, HDBSCAN, 0.05, 82.0, 243, 0.09852027893066406
Dataset.SYNTHETIC, TTSASWrapper, 0.05, 96.0, 243, 0.0893552303314209
Dataset.NOISY_SYNTHETIC, Trestle, 0.05, 21.0, 243, 1.2743141651153564
Dataset.SYNTHETIC, SingleLinkage, 0.1, 239.0, 243, 0.6982011795043945
Dataset.SYNTHETIC, OPTICS, 0.1, 81.0, 243, 0.16057682037353516
Dataset.SYNTHETIC, KMeansWrapper, 0.1, 108.0, 243, 0.1608433723449707
Dataset.SYNTHETIC, DBSCAN, 0.1, 81.0, 243, 0.165024995803833
Dataset.SYNTHETIC, RobustSingleLinkage, 0.1, 92.0, 243, 0.11819171905517578
Dataset.SYNTHETIC, HDBSCAN, 0.1, 84.0, 243, 0.11051058769226074
Dataset.SYNTHETIC, TTSASWrapper, 0.1, 99.0, 243, 0.08545565605163574
Dataset.NOISY_SYNTHETIC, Trestle, 0.1, 35.0, 243, 1.2147839069366455
Dataset.SYNTHETIC, SingleLinkage, 0.2, 236.0, 243, 0.693490743637085
Dataset.SYNTHETIC, OPTICS, 0.2, 83.0, 243, 0.1474137306213379
Dataset.SYNTHETIC, KMeansWrapper, 0.2, 110.0, 243, 0.23947644233703613
Dataset.SYNTHETIC, DBSCAN, 0.2, 83.0, 243, 0.13073015213012695
Dataset.SYNTHETIC, RobustSingleLinkage, 0.2, 75.0, 243, 0.0994718074798584
Dataset.SYNTHETIC, HDBSCAN, 0.2, 82.0, 243, 0.10056400299072266
Dataset.SYNTHETIC, TTSASWrapper, 0.2, 86.0, 243, 0.11807370185852051
Dataset.NOISY_SYNTHETIC, Trestle, 0.2, 72.0, 243, 1.3904218673706055
Dataset.SYNTHETIC, SingleLinkage, 0.33, 236.0, 243, 0.6869425773620605
Dataset.SYNTHETIC, OPTICS, 0.33, 89.0, 243, 0.12149405479431152
Dataset.SYNTHETIC, KMeansWrapper, 0.33, 112.0, 243, 0.18894100189208984
Dataset.SYNTHETIC, DBSCAN, 0.33, 87.0, 243, 0.12280726432800293
Dataset.SYNTHETIC, RobustSingleLinkage, 0.33, 92.0, 243, 0.11603641510009766
Dataset.SYNTHETIC, HDBSCAN, 0.33, 86.0, 243, 0.09934616088867188
Dataset.SYNTHETIC, TTSASWrapper, 0.33, 71.0, 243, 0.14921164512634277
Dataset.NOISY_SYNTHETIC, Trestle, 0.33, 132.0, 243, 1.552464485168457
Dataset.SYNTHETIC, SingleLinkage, 0, 343.0, 343, 1.3318536281585693
Dataset.SYNTHETIC, OPTICS, 0, 0.0, 343, 0.21754980087280273
Dataset.SYNTHETIC, KMeansWrapper, 0, 46.0, 343, 0.2224259376525879
Dataset.SYNTHETIC, DBSCAN, 0, 0.0, 343, 0.15198206901550293
Dataset.SYNTHETIC, RobustSingleLinkage, 0, 0.0, 343, 0.10320568084716797
Dataset.SYNTHETIC, HDBSCAN, 0, 0.0, 343, 0.11075282096862793
Dataset.SYNTHETIC, TTSASWrapper, 0, 49.0, 343, 0.05439639091491699
Dataset.SYNTHETIC, Trestle, 0, 0.0, 343, 0.5314493179321289
Dataset.SYNTHETIC, SingleLinkage, 0.05, 339.0, 343, 1.3366458415985107
Dataset.SYNTHETIC, OPTICS, 0.05, 3.0, 343, 0.3063962459564209
Dataset.SYNTHETIC, KMeansWrapper, 0.05, 48.0, 343, 0.12863612174987793
Dataset.SYNTHETIC, DBSCAN, 0.05, 8.0, 343, 0.2149674892425537
Dataset.SYNTHETIC, RobustSingleLinkage, 0.05, 4.0, 343, 0.1070411205291748
Dataset.SYNTHETIC, HDBSCAN, 0.05, 5.0, 343, 0.11807584762573242
Dataset.SYNTHETIC, TTSASWrapper, 0.05, 44.0, 343, 0.06860852241516113
Dataset.NOISY_SYNTHETIC, Trestle, 0.05, 31.0, 343, 0.6023285388946533
Dataset.SYNTHETIC, SingleLinkage, 0.1, 339.0, 343, 1.336440086364746
Dataset.SYNTHETIC, OPTICS, 0.1, 2.0, 343, 0.2169811725616455
Dataset.SYNTHETIC, KMeansWrapper, 0.1, 47.0, 343, 0.1875288486480713
Dataset.SYNTHETIC, DBSCAN, 0.1, 14.0, 343, 0.14025521278381348
Dataset.SYNTHETIC, RobustSingleLinkage, 0.1, 7.0, 343, 0.1082465648651123
Dataset.SYNTHETIC, HDBSCAN, 0.1, 7.0, 343, 0.12534165382385254
Dataset.SYNTHETIC, TTSASWrapper, 0.1, 38.0, 343, 0.08386564254760742
Dataset.NOISY_SYNTHETIC, Trestle, 0.1, 51.0, 343, 0.6962981224060059
Dataset.SYNTHETIC, SingleLinkage, 0.2, 343.0, 343, 1.3441104888916016
Dataset.SYNTHETIC, OPTICS, 0.2, 10.0, 343, 0.18956685066223145
Dataset.SYNTHETIC, KMeansWrapper, 0.2, 49.0, 343, 0.3824946880340576
Dataset.SYNTHETIC, DBSCAN, 0.2, 19.0, 343, 0.13626432418823242
Dataset.SYNTHETIC, RobustSingleLinkage, 0.2, 9.0, 343, 0.13134765625
Dataset.SYNTHETIC, HDBSCAN, 0.2, 13.0, 343, 0.11928796768188477
Dataset.SYNTHETIC, TTSASWrapper, 0.2, 36.0, 343, 0.10659193992614746
Dataset.NOISY_SYNTHETIC, Trestle, 0.2, 99.0, 343, 0.788137674331665
Dataset.SYNTHETIC, SingleLinkage, 0.33, 354.0, 343, 1.3412225246429443
Dataset.SYNTHETIC, OPTICS, 0.33, 25.0, 343, 0.14978790283203125
Dataset.SYNTHETIC, KMeansWrapper, 0.33, 48.0, 343, 0.3768305778503418
Dataset.SYNTHETIC, DBSCAN, 0.33, 32.0, 343, 0.11842846870422363
Dataset.SYNTHETIC, RobustSingleLinkage, 0.33, 16.0, 343, 0.10710954666137695
Dataset.SYNTHETIC, HDBSCAN, 0.33, 23.0, 343, 0.10266995429992676
Dataset.SYNTHETIC, TTSASWrapper, 0.33, 36.0, 343, 0.10930395126342773
Dataset.NOISY_SYNTHETIC, Trestle, 0.33, 127.0, 343, 0.9843430519104004
Dataset.SYNTHETIC, SingleLinkage, 0, 512.0, 512, 2.9797909259796143
Dataset.SYNTHETIC, OPTICS, 0, 0.0, 512, 0.3701620101928711
Dataset.SYNTHETIC, KMeansWrapper, 0, 64.0, 512, 0.31273794174194336
Dataset.SYNTHETIC, DBSCAN, 0, 0.0, 512, 0.1852250099182129
Dataset.SYNTHETIC, RobustSingleLinkage, 0, 0.0, 512, 0.24967312812805176
Dataset.SYNTHETIC, HDBSCAN, 0, 0.0, 512, 0.2678356170654297
Dataset.SYNTHETIC, TTSASWrapper, 0, 64.0, 512, 0.09537053108215332
Dataset.SYNTHETIC, Trestle, 0, 0.0, 512, 0.9498357772827148
Dataset.SYNTHETIC, SingleLinkage, 0.05, 506.0, 512, 2.973663806915283
Dataset.SYNTHETIC, OPTICS, 0.05, 1.0, 512, 0.3600466251373291
Dataset.SYNTHETIC, KMeansWrapper, 0.05, 63.0, 512, 0.8301074504852295
Dataset.SYNTHETIC, DBSCAN, 0.05, 9.0, 512, 0.1683516502380371
Dataset.SYNTHETIC, RobustSingleLinkage, 0.05, 4.0, 512, 0.25754594802856445
Dataset.SYNTHETIC, HDBSCAN, 0.05, 3.0, 512, 0.2656867504119873
Dataset.SYNTHETIC, TTSASWrapper, 0.05, 58.0, 512, 0.12269186973571777
Dataset.NOISY_SYNTHETIC, Trestle, 0.05, 43.0, 512, 1.1115286350250244
Dataset.SYNTHETIC, SingleLinkage, 0.1, 508.0, 512, 3.025763988494873
Dataset.SYNTHETIC, OPTICS, 0.1, 1.0, 512, 0.37876152992248535
Dataset.SYNTHETIC, KMeansWrapper, 0.1, 61.0, 512, 0.5066430568695068
Dataset.SYNTHETIC, DBSCAN, 0.1, 9.0, 512, 0.1659080982208252
Dataset.SYNTHETIC, RobustSingleLinkage, 0.1, 2.0, 512, 0.2672111988067627
Dataset.SYNTHETIC, HDBSCAN, 0.1, 3.0, 512, 0.2874755859375
Dataset.SYNTHETIC, TTSASWrapper, 0.1, 52.0, 512, 0.14892911911010742
Dataset.NOISY_SYNTHETIC, Trestle, 0.1, 74.0, 512, 1.313948392868042
Dataset.SYNTHETIC, SingleLinkage, 0.2, 514.0, 512, 2.9577863216400146
Dataset.SYNTHETIC, OPTICS, 0.2, 9.0, 512, 0.34366464614868164
Dataset.SYNTHETIC, KMeansWrapper, 0.2, 62.0, 512, 0.4849708080291748
Dataset.SYNTHETIC, DBSCAN, 0.2, 19.0, 512, 0.15076470375061035
Dataset.SYNTHETIC, RobustSingleLinkage, 0.2, 26.0, 512, 0.3637723922729492
Dataset.SYNTHETIC, HDBSCAN, 0.2, 12.0, 512, 0.3379700183868408
Dataset.SYNTHETIC, TTSASWrapper, 0.2, 46.0, 512, 0.19315099716186523
Dataset.NOISY_SYNTHETIC, Trestle, 0.2, 130.0, 512, 1.4484217166900635
Dataset.SYNTHETIC, SingleLinkage, 0.33, 522.0, 512, 3.047168493270874
Dataset.SYNTHETIC, OPTICS, 0.33, 24.0, 512, 0.3078041076660156
Dataset.SYNTHETIC, KMeansWrapper, 0.33, 64.0, 512, 1.2892518043518066
Dataset.SYNTHETIC, DBSCAN, 0.33, 32.0, 512, 0.13848471641540527
Dataset.SYNTHETIC, RobustSingleLinkage, 0.33, 15.0, 512, 0.3380007743835449
Dataset.SYNTHETIC, HDBSCAN, 0.33, 26.0, 512, 0.2956814765930176
Dataset.SYNTHETIC, TTSASWrapper, 0.33, 46.0, 512, 0.2027876377105713
Dataset.NOISY_SYNTHETIC, Trestle, 0.33, 203.0, 512, 1.867455005645752
Dataset.SYNTHETIC, SingleLinkage, 0, 625.0, 625, 4.514846563339233
Dataset.SYNTHETIC, OPTICS, 0, 0.0, 625, 0.7082498073577881
Dataset.SYNTHETIC, KMeansWrapper, 0, 137.0, 625, 0.4197714328765869
Dataset.SYNTHETIC, DBSCAN, 0, 125.0, 625, 0.12846064567565918
Dataset.SYNTHETIC, RobustSingleLinkage, 0, 0.0, 625, 0.9093797206878662
Dataset.SYNTHETIC, HDBSCAN, 0, 0.0, 625, 0.9452760219573975
Dataset.SYNTHETIC, TTSASWrapper, 0, 125.0, 625, 1.8621177673339844
Dataset.SYNTHETIC, Trestle, 0, 0.0, 625, 2.436063528060913
Dataset.SYNTHETIC, SingleLinkage, 0.05, 621.0, 625, 4.510016441345215
Dataset.SYNTHETIC, OPTICS, 0.05, 38.0, 625, 0.6333105564117432
Dataset.SYNTHETIC, KMeansWrapper, 0.05, 145.0, 625, 0.9072778224945068
Dataset.SYNTHETIC, DBSCAN, 0.05, 124.0, 625, 0.13660192489624023
Dataset.SYNTHETIC, RobustSingleLinkage, 0.05, 124.0, 625, 0.54522705078125
Dataset.SYNTHETIC, HDBSCAN, 0.05, 34.0, 625, 0.8031933307647705
Dataset.SYNTHETIC, TTSASWrapper, 0.05, 120.0, 625, 1.6965303421020508
Dataset.NOISY_SYNTHETIC, Trestle, 0.05, 62.0, 625, 2.897808790206909
Dataset.SYNTHETIC, SingleLinkage, 0.1, 622.0, 625, 4.5815112590789795
Dataset.SYNTHETIC, OPTICS, 0.1, 60.0, 625, 0.6257040500640869
Dataset.SYNTHETIC, KMeansWrapper, 0.1, 150.0, 625, 0.1726818084716797
Dataset.SYNTHETIC, DBSCAN, 0.1, 128.0, 625, 0.15339875221252441
Dataset.SYNTHETIC, RobustSingleLinkage, 0.1, 58.0, 625, 0.7101962566375732
Dataset.SYNTHETIC, HDBSCAN, 0.1, 64.0, 625, 0.7388405799865723
Dataset.SYNTHETIC, TTSASWrapper, 0.1, 99.0, 625, 6.036566257476807
Dataset.NOISY_SYNTHETIC, Trestle, 0.1, 102.0, 625, 2.987159490585327
Dataset.SYNTHETIC, SingleLinkage, 0.2, 619.0, 625, 4.647659063339233
Dataset.SYNTHETIC, OPTICS, 0.2, 99.0, 625, 0.6978490352630615
Dataset.SYNTHETIC, KMeansWrapper, 0.2, 150.0, 625, 0.3315894603729248
Dataset.SYNTHETIC, DBSCAN, 0.2, 143.0, 625, 0.12577247619628906
Dataset.SYNTHETIC, RobustSingleLinkage, 0.2, 114.0, 625, 0.6661317348480225
Dataset.SYNTHETIC, HDBSCAN, 0.2, 89.0, 625, 0.6423704624176025
Dataset.SYNTHETIC, TTSASWrapper, 0.2, 102.0, 625, 2.402883291244507
Dataset.NOISY_SYNTHETIC, Trestle, 0.2, 192.0, 625, 3.5036327838897705
Dataset.SYNTHETIC, SingleLinkage, 0.33, 639.0, 625, 4.594046592712402
Dataset.SYNTHETIC, OPTICS, 0.33, 134.0, 625, 0.5802328586578369
Dataset.SYNTHETIC, KMeansWrapper, 0.33, 150.0, 625, 0.38330698013305664
Dataset.SYNTHETIC, DBSCAN, 0.33, 149.0, 625, 0.13189482688903809
Dataset.SYNTHETIC, RobustSingleLinkage, 0.33, 55.0, 625, 0.693518877029419
Dataset.SYNTHETIC, HDBSCAN, 0.33, 118.0, 625, 0.610637903213501
Dataset.SYNTHETIC, TTSASWrapper, 0.33, 76.0, 625, 6.245926856994629
Dataset.NOISY_SYNTHETIC, Trestle, 0.33, 315.0, 625, 4.116547584533691
Dataset.SYNTHETIC, SingleLinkage, 0, 729.0, 729, 6.426453113555908
Dataset.SYNTHETIC, OPTICS, 0, 243.0, 729, 1.3401079177856445
Dataset.SYNTHETIC, KMeansWrapper, 0, 344.0, 729, 0.5439221858978271
Dataset.SYNTHETIC, DBSCAN, 0, 243.0, 729, 0.21233129501342773
Dataset.SYNTHETIC, RobustSingleLinkage, 0, 0.0, 729, 3.572345018386841
Dataset.SYNTHETIC, HDBSCAN, 0, 243.0, 729, 2.7377712726593018
Dataset.SYNTHETIC, TTSASWrapper, 0, 351.0, 729, 0.39003825187683105
Dataset.SYNTHETIC, Trestle, 0, 2.0, 729, 9.904926300048828
Dataset.SYNTHETIC, SingleLinkage, 0.05, 730.0, 729, 6.409280300140381
Dataset.SYNTHETIC, OPTICS, 0.05, 239.0, 729, 1.3338375091552734
Dataset.SYNTHETIC, KMeansWrapper, 0.05, 353.0, 729, 0.7483067512512207
Dataset.SYNTHETIC, DBSCAN, 0.05, 245.0, 729, 0.310654878616333
Dataset.SYNTHETIC, RobustSingleLinkage, 0.05, 231.0, 729, 2.6873037815093994
Dataset.SYNTHETIC, HDBSCAN, 0.05, 241.0, 729, 2.5724222660064697
Dataset.SYNTHETIC, TTSASWrapper, 0.05, 329.0, 729, 0.49598097801208496
Dataset.NOISY_SYNTHETIC, Trestle, 0.05, 65.0, 729, 11.057586193084717
Dataset.SYNTHETIC, SingleLinkage, 0.1, 745.0, 729, 6.602141857147217
Dataset.SYNTHETIC, OPTICS, 0.1, 242.0, 729, 1.3207459449768066
Dataset.SYNTHETIC, KMeansWrapper, 0.1, 349.0, 729, 1.2632434368133545
Dataset.SYNTHETIC, DBSCAN, 0.1, 250.0, 729, 0.21207094192504883
Dataset.SYNTHETIC, RobustSingleLinkage, 0.1, 318.0, 729, 2.6312060356140137
Dataset.SYNTHETIC, HDBSCAN, 0.1, 244.0, 729, 2.243600606918335
Dataset.SYNTHETIC, TTSASWrapper, 0.1, 316.0, 729, 0.6207342147827148
Dataset.NOISY_SYNTHETIC, Trestle, 0.1, 103.0, 729, 11.858752012252808
Dataset.SYNTHETIC, SingleLinkage, 0.2, 734.0, 729, 6.5733397006988525
Dataset.SYNTHETIC, OPTICS, 0.2, 237.0, 729, 1.2938294410705566
Dataset.SYNTHETIC, KMeansWrapper, 0.2, 349.0, 729, 1.794367790222168
Dataset.SYNTHETIC, DBSCAN, 0.2, 263.0, 729, 0.19407057762145996
Dataset.SYNTHETIC, RobustSingleLinkage, 0.2, 250.0, 729, 2.5033810138702393
Dataset.SYNTHETIC, HDBSCAN, 0.2, 241.0, 729, 2.5502142906188965
Dataset.SYNTHETIC, TTSASWrapper, 0.2, 288.0, 729, 0.8058104515075684
Dataset.NOISY_SYNTHETIC, Trestle, 0.2, 220.0, 729, 12.40239691734314
Dataset.SYNTHETIC, SingleLinkage, 0.33, 712.0, 729, 6.503638982772827
Dataset.SYNTHETIC, OPTICS, 0.33, 268.0, 729, 1.2146210670471191
Dataset.SYNTHETIC, KMeansWrapper, 0.33, 350.0, 729, 2.2447831630706787
Dataset.SYNTHETIC, DBSCAN, 0.33, 275.0, 729, 0.19674420356750488
Dataset.SYNTHETIC, RobustSingleLinkage, 0.33, 302.0, 729, 2.426957368850708
Dataset.SYNTHETIC, HDBSCAN, 0.33, 253.0, 729, 2.5230000019073486
Dataset.SYNTHETIC, TTSASWrapper, 0.33, 262.0, 729, 1.1448547840118408
Dataset.NOISY_SYNTHETIC, Trestle, 0.33, 362.0, 729, 13.98317289352417
Dataset.SYNTHETIC, SingleLinkage, 0, 1024.0, 1024, 12.682936191558838
Dataset.SYNTHETIC, OPTICS, 0, 256.0, 1024, 2.1602492332458496
Dataset.SYNTHETIC, KMeansWrapper, 0, 318.0, 1024, 1.3974013328552246
Dataset.SYNTHETIC, DBSCAN, 0, 256.0, 1024, 0.29575204849243164
Dataset.SYNTHETIC, RobustSingleLinkage, 0, 256.0, 1024, 4.349615812301636
Dataset.SYNTHETIC, HDBSCAN, 0, 256.0, 1024, 4.378521919250488
Dataset.SYNTHETIC, TTSASWrapper, 0, 320.0, 1024, 0.5397861003875732
Dataset.SYNTHETIC, Trestle, 0, 0.0, 1024, 10.123712301254272
Dataset.SYNTHETIC, SingleLinkage, 0.05, 1020.0, 1024, 13.999973773956299
Dataset.SYNTHETIC, OPTICS, 0.05, 257.0, 1024, 2.1477086544036865
Dataset.SYNTHETIC, KMeansWrapper, 0.05, 322.0, 1024, 1.5976777076721191
Dataset.SYNTHETIC, DBSCAN, 0.05, 257.0, 1024, 0.29857683181762695
Dataset.SYNTHETIC, RobustSingleLinkage, 0.05, 7.0, 1024, 4.950653791427612
Dataset.SYNTHETIC, HDBSCAN, 0.05, 254.0, 1024, 3.7501230239868164
Dataset.SYNTHETIC, TTSASWrapper, 0.05, 290.0, 1024, 0.8325121402740479
Dataset.NOISY_SYNTHETIC, Trestle, 0.05, 94.0, 1024, 11.22157073020935
Dataset.SYNTHETIC, SingleLinkage, 0.1, 1026.0, 1024, 12.604058742523193
Dataset.SYNTHETIC, OPTICS, 0.1, 253.0, 1024, 2.2596635818481445
Dataset.SYNTHETIC, KMeansWrapper, 0.1, 322.0, 1024, 4.967655658721924
Dataset.SYNTHETIC, DBSCAN, 0.1, 253.0, 1024, 0.29618239402770996
Dataset.SYNTHETIC, RobustSingleLinkage, 0.1, 237.0, 1024, 3.9641642570495605
Dataset.SYNTHETIC, HDBSCAN, 0.1, 254.0, 1024, 3.7338716983795166
Dataset.SYNTHETIC, TTSASWrapper, 0.1, 274.0, 1024, 1.9612712860107422
Dataset.NOISY_SYNTHETIC, Trestle, 0.1, 160.0, 1024, 11.668277263641357
Dataset.SYNTHETIC, SingleLinkage, 0.2, 1042.0, 1024, 12.531932353973389
Dataset.SYNTHETIC, OPTICS, 0.2, 258.0, 1024, 2.0088043212890625
Dataset.SYNTHETIC, KMeansWrapper, 0.2, 324.0, 1024, 59.506088733673096
Dataset.SYNTHETIC, DBSCAN, 0.2, 259.0, 1024, 0.29532909393310547
Dataset.SYNTHETIC, RobustSingleLinkage, 0.2, 240.0, 1024, 3.7731237411499023
Dataset.SYNTHETIC, HDBSCAN, 0.2, 254.0, 1024, 3.4374256134033203
Dataset.SYNTHETIC, TTSASWrapper, 0.2, 238.0, 1024, 1.3864121437072754
Dataset.NOISY_SYNTHETIC, Trestle, 0.2, 318.0, 1024, 13.50750994682312
Dataset.SYNTHETIC, SingleLinkage, 0.33, 1018.0, 1024, 12.774541139602661
Dataset.SYNTHETIC, OPTICS, 0.33, 267.0, 1024, 1.905742883682251
Dataset.SYNTHETIC, KMeansWrapper, 0.33, 324.0, 1024, 3.6842784881591797
Dataset.SYNTHETIC, DBSCAN, 0.33, 274.0, 1024, 0.2769300937652588
Dataset.SYNTHETIC, RobustSingleLinkage, 0.33, 237.0, 1024, 3.2263193130493164
Dataset.SYNTHETIC, HDBSCAN, 0.33, 260.0, 1024, 3.2307865619659424
Dataset.SYNTHETIC, TTSASWrapper, 0.33, 202.0, 1024, 1.9464833736419678
Dataset.NOISY_SYNTHETIC, Trestle, 0.33, 506.0, 1024, 15.580332279205322
Dataset.SYNTHETIC, SingleLinkage, 0, 1296.0, 1296, 19.83093023300171
Dataset.SYNTHETIC, OPTICS, 0, 0.0, 1296, 2.319512367248535
Dataset.SYNTHETIC, KMeansWrapper, 0, 240.0, 1296, 1.6263628005981445
Dataset.SYNTHETIC, DBSCAN, 0, 216.0, 1296, 0.26778149604797363
Dataset.SYNTHETIC, RobustSingleLinkage, 0, 0.0, 1296, 5.513937950134277
Dataset.SYNTHETIC, HDBSCAN, 0, 0.0, 1296, 5.823960542678833
Dataset.SYNTHETIC, TTSASWrapper, 0, 216.0, 1296, 7.8585426807403564
Dataset.SYNTHETIC, Trestle, 0, 5.0, 1296, 7.511592388153076
Dataset.SYNTHETIC, SingleLinkage, 0.05, 1294.0, 1296, 19.681655168533325
Dataset.SYNTHETIC, OPTICS, 0.05, 17.0, 1296, 2.6961050033569336
Dataset.SYNTHETIC, KMeansWrapper, 0.05, 250.0, 1296, 1.5255253314971924
Dataset.SYNTHETIC, DBSCAN, 0.05, 216.0, 1296, 0.26349496841430664
Dataset.SYNTHETIC, RobustSingleLinkage, 0.05, 4.0, 1296, 5.4693262577056885
Dataset.SYNTHETIC, HDBSCAN, 0.05, 31.0, 1296, 5.294745206832886
Dataset.SYNTHETIC, TTSASWrapper, 0.05, 214.0, 1296, 5.565182447433472
Dataset.NOISY_SYNTHETIC, Trestle, 0.05, 102.0, 1296, 8.481079816818237
Dataset.SYNTHETIC, SingleLinkage, 0.1, 1298.0, 1296, 20.144429683685303
Dataset.SYNTHETIC, OPTICS, 0.1, 33.0, 1296, 2.5328187942504883
Dataset.SYNTHETIC, KMeansWrapper, 0.1, 253.0, 1296, 0.7075498104095459
Dataset.SYNTHETIC, DBSCAN, 0.1, 218.0, 1296, 0.2610344886779785
Dataset.SYNTHETIC, RobustSingleLinkage, 0.1, 210.0, 1296, 3.6829447746276855
Dataset.SYNTHETIC, HDBSCAN, 0.1, 37.0, 1296, 5.430749893188477
Dataset.SYNTHETIC, TTSASWrapper, 0.1, 193.0, 1296, 13.836817979812622
Dataset.NOISY_SYNTHETIC, Trestle, 0.1, 190.0, 1296, 9.701752185821533
Dataset.SYNTHETIC, SingleLinkage, 0.2, 1293.0, 1296, 19.889187335968018
Dataset.SYNTHETIC, OPTICS, 0.2, 90.0, 1296, 2.8605525493621826
Dataset.SYNTHETIC, KMeansWrapper, 0.2, 252.0, 1296, 0.8483068943023682
Dataset.SYNTHETIC, DBSCAN, 0.2, 239.0, 1296, 0.356311559677124
Dataset.SYNTHETIC, RobustSingleLinkage, 0.2, 48.0, 1296, 5.489649772644043
Dataset.SYNTHETIC, HDBSCAN, 0.2, 92.0, 1296, 4.507187604904175
Dataset.SYNTHETIC, TTSASWrapper, 0.2, 146.0, 1296, 32.96526122093201
Dataset.NOISY_SYNTHETIC, Trestle, 0.2, 391.0, 1296, 11.586126804351807
Dataset.SYNTHETIC, SingleLinkage, 0.33, 1322.0, 1296, 19.947052240371704
Dataset.SYNTHETIC, OPTICS, 0.33, 158.0, 1296, 2.7119710445404053
Dataset.SYNTHETIC, KMeansWrapper, 0.33, 252.0, 1296, 1.5184597969055176
Dataset.SYNTHETIC, DBSCAN, 0.33, 252.0, 1296, 0.3561573028564453
Dataset.SYNTHETIC, RobustSingleLinkage, 0.33, 217.0, 1296, 3.7267189025878906
Dataset.SYNTHETIC, HDBSCAN, 0.33, 165.0, 1296, 4.4600560665130615
Dataset.SYNTHETIC, TTSASWrapper, 0.33, 130.0, 1296, 20.398112535476685
Dataset.NOISY_SYNTHETIC, Trestle, 0.33, 655.0, 1296, 13.83160662651062
Dataset.SYNTHETIC, SingleLinkage, 0, 2048.0, 2048, 70.25448441505432
Dataset.SYNTHETIC, OPTICS, 0, 1536.0, 2048, 41.63488411903381
Dataset.SYNTHETIC, KMeansWrapper, 0, 1994.0, 2048, 11.11042857170105
Dataset.SYNTHETIC, DBSCAN, 0, 1792.0, 2048, 4.331152439117432
Dataset.SYNTHETIC, RobustSingleLinkage, 0, 1792.0, 2048, 163.51981830596924
Dataset.SYNTHETIC, HDBSCAN, 0, 1536.0, 2048, 182.02286076545715
Dataset.SYNTHETIC, TTSASWrapper, 0, 2016.0, 2048, 7.313857316970825
Dataset.SYNTHETIC, Trestle, 0, 132.0, 2048, 391.354763507843
Dataset.SYNTHETIC, SingleLinkage, 0.05, 1989.0, 2048, 71.54401016235352
Dataset.SYNTHETIC, OPTICS, 0.05, 1546.0, 2048, 42.73445248603821
Dataset.SYNTHETIC, KMeansWrapper, 0.05, 2012.0, 2048, 9.386296272277832
Dataset.SYNTHETIC, DBSCAN, 0.05, 1809.0, 2048, 4.115474462509155
Dataset.SYNTHETIC, RobustSingleLinkage, 0.05, 1777.0, 2048, 163.60406923294067
Dataset.SYNTHETIC, HDBSCAN, 0.05, 1539.0, 2048, 169.98366904258728
Dataset.SYNTHETIC, TTSASWrapper, 0.05, 1971.0, 2048, 11.437045335769653
Dataset.NOISY_SYNTHETIC, Trestle, 0.05, 242.0, 2048, 410.444607257843
Dataset.SYNTHETIC, SingleLinkage, 0.1, 1905.0, 2048, 72.47792291641235
Dataset.SYNTHETIC, OPTICS, 0.1, 1589.0, 2048, 43.04438900947571
Dataset.SYNTHETIC, KMeansWrapper, 0.1, 2025.0, 2048, 10.27703309059143
Dataset.SYNTHETIC, DBSCAN, 0.1, 1838.0, 2048, 4.527948379516602
Dataset.SYNTHETIC, RobustSingleLinkage, 0.1, 2003.0, 2048, 178.354172706604
Dataset.SYNTHETIC, HDBSCAN, 0.1, 1548.0, 2048, 170.28862380981445
Dataset.SYNTHETIC, TTSASWrapper, 0.1, 1957.0, 2048, 6.675923824310303
Dataset.NOISY_SYNTHETIC, Trestle, 0.1, 381.0, 2048, 428.8584508895874
Dataset.SYNTHETIC, SingleLinkage, 0.2, 1784.0, 2048, 72.66847944259644
Dataset.SYNTHETIC, OPTICS, 0.2, 1629.0, 2048, 43.86233329772949
Dataset.SYNTHETIC, KMeansWrapper, 0.2, 2039.0, 2048, 7.923973560333252
Dataset.SYNTHETIC, DBSCAN, 0.2, 1876.0, 2048, 2.7658047676086426
Dataset.SYNTHETIC, RobustSingleLinkage, 0.2, 1539.0, 2048, 131.30789637565613
Dataset.SYNTHETIC, HDBSCAN, 0.2, 1582.0, 2048, 162.27437901496887
Dataset.SYNTHETIC, TTSASWrapper, 0.2, 1914.0, 2048, 7.8564934730529785
Dataset.NOISY_SYNTHETIC, Trestle, 0.2, 624.0, 2048, 455.37313961982727
Dataset.SYNTHETIC, SingleLinkage, 0.33, 1613.0, 2048, 71.43281602859497
Dataset.SYNTHETIC, OPTICS, 0.33, 1681.0, 2048, 43.69586205482483
Dataset.SYNTHETIC, KMeansWrapper, 0.33, 2039.0, 2048, 4.819869518280029
Dataset.SYNTHETIC, DBSCAN, 0.33, 1898.0, 2048, 4.931944131851196
Dataset.SYNTHETIC, RobustSingleLinkage, 0.33, 1888.0, 2048, 174.36969780921936
Dataset.SYNTHETIC, HDBSCAN, 0.33, 1675.0, 2048, 155.01508784294128
Dataset.SYNTHETIC, TTSASWrapper, 0.33, 1858.0, 2048, 18.423727989196777
Dataset.NOISY_SYNTHETIC, Trestle, 0.33, 923.0, 2048, 509.2058002948761
